# -*- tcl -*- lib/ppm/log/activetcl8.6-thread/install.log v1.0 
# DO NOT DELETE THIS FILE. 
# It is needed by the uninstaller to clean up properly. 
# Installed on Thu Mar 07 08:43:21 +1100 2013

INSTALLTYPE user
MKDIR C:/Tcl86/lib/ppm/log/activetcl8.6-thread
MKDIR C:/Tcl86/lib/ppm/log
MKDIR C:/Tcl86/lib/ppm
MKDIR C:/Tcl86/lib
FILECOPY C:/Tcl86/lib/ppm/log/activetcl8.6-thread/install.log
FILECOPY C:/Tcl86/lib/ppm/log/activetcl8.6-thread/uninstall.exe
MKDIR C:/Tcl86/lib/ppm/log/activetcl8.6-thread/install_images
FILECOPY C:/Tcl86/lib/ppm/log/activetcl8.6-thread/install_images/uninstall.ico
MKDIR C:/Tcl86
MKDIR C:/Tcl86/bin
FILECOPY C:/Tcl86/bin/base-tcl8.6-thread-win32-ix86.dll
FILECOPY C:/Tcl86/bin/base-tcl8.6-thread-win32-ix86.exe
FILECOPY C:/Tcl86/bin/base-tk8.6-thread-win32-ix86.exe
FILECOPY C:/Tcl86/bin/tcl86.dll
FILECOPY C:/Tcl86/bin/tclsh.exe
FILECOPY C:/Tcl86/bin/tclsh86.exe
FILECOPY C:/Tcl86/bin/tclvfse.tcl
FILECOPY C:/Tcl86/bin/teacup.exe
FILECOPY C:/Tcl86/bin/tk86.dll
FILECOPY C:/Tcl86/bin/tkcon.tcl
FILECOPY C:/Tcl86/bin/wish.exe
FILECOPY C:/Tcl86/bin/wish86.exe
FILECOPY C:/Tcl86/bin/zlib1.dll
MKDIR C:/Tcl86/doc
FILECOPY C:/Tcl86/doc/ActiveTclHelp8.6.chm
FILECOPY C:/Tcl86/doc/TclVFSE.html
FILECOPY C:/Tcl86/doc/aspn.css
MKDIR C:/Tcl86/doc/images
FILECOPY C:/Tcl86/doc/images/AS_logo.gif
FILECOPY C:/Tcl86/doc/images/ActiveTcl.gif
FILECOPY C:/Tcl86/doc/images/VFSE.gif
MKDIR C:/Tcl86/include
FILECOPY C:/Tcl86/include/tcl.h
FILECOPY C:/Tcl86/include/tclDecls.h
FILECOPY C:/Tcl86/include/tclInt.h
FILECOPY C:/Tcl86/include/tclIntDecls.h
FILECOPY C:/Tcl86/include/tclIntPlatDecls.h
FILECOPY C:/Tcl86/include/tclOO.h
FILECOPY C:/Tcl86/include/tclOODecls.h
FILECOPY C:/Tcl86/include/tclOOInt.h
FILECOPY C:/Tcl86/include/tclOOIntDecls.h
FILECOPY C:/Tcl86/include/tclPlatDecls.h
FILECOPY C:/Tcl86/include/tclPort.h
FILECOPY C:/Tcl86/include/tclTomMath.h
FILECOPY C:/Tcl86/include/tclTomMathDecls.h
FILECOPY C:/Tcl86/include/tclWinPort.h
FILECOPY C:/Tcl86/include/tdbc.h
FILECOPY C:/Tcl86/include/tdbcDecls.h
FILECOPY C:/Tcl86/include/tdbcInt.h
FILECOPY C:/Tcl86/include/tk.h
FILECOPY C:/Tcl86/include/tkDecls.h
FILECOPY C:/Tcl86/include/tkInt.h
FILECOPY C:/Tcl86/include/tkIntDecls.h
FILECOPY C:/Tcl86/include/tkIntPlatDecls.h
FILECOPY C:/Tcl86/include/tkIntXlibDecls.h
FILECOPY C:/Tcl86/include/tkPlatDecls.h
FILECOPY C:/Tcl86/include/tkPort.h
FILECOPY C:/Tcl86/include/tkWin.h
FILECOPY C:/Tcl86/include/tkWinInt.h
FILECOPY C:/Tcl86/include/tkWinPort.h
FILECOPY C:/Tcl86/include/ttkDecls.h
MKDIR C:/Tcl86/include/X11
FILECOPY C:/Tcl86/include/X11/X.h
FILECOPY C:/Tcl86/include/X11/Xatom.h
FILECOPY C:/Tcl86/include/X11/Xfuncproto.h
FILECOPY C:/Tcl86/include/X11/Xlib.h
FILECOPY C:/Tcl86/include/X11/Xutil.h
FILECOPY C:/Tcl86/include/X11/cursorfont.h
FILECOPY C:/Tcl86/include/X11/keysym.h
FILECOPY C:/Tcl86/include/X11/keysymdef.h
MKDIR C:/Tcl86/include/tcl8.6
FILECOPY C:/Tcl86/include/tcl8.6/tcl.h
FILECOPY C:/Tcl86/include/tcl8.6/tclDecls.h
FILECOPY C:/Tcl86/include/tcl8.6/tclInt.h
FILECOPY C:/Tcl86/include/tcl8.6/tclIntDecls.h
FILECOPY C:/Tcl86/include/tcl8.6/tclIntPlatDecls.h
FILECOPY C:/Tcl86/include/tcl8.6/tclOO.h
FILECOPY C:/Tcl86/include/tcl8.6/tclOODecls.h
FILECOPY C:/Tcl86/include/tcl8.6/tclOOInt.h
FILECOPY C:/Tcl86/include/tcl8.6/tclOOIntDecls.h
FILECOPY C:/Tcl86/include/tcl8.6/tclPlatDecls.h
FILECOPY C:/Tcl86/include/tcl8.6/tclPort.h
FILECOPY C:/Tcl86/include/tcl8.6/tclTomMath.h
FILECOPY C:/Tcl86/include/tcl8.6/tclTomMathDecls.h
FILECOPY C:/Tcl86/include/tcl8.6/tclWinPort.h
FILECOPY C:/Tcl86/include/tcl8.6/tdbc.h
FILECOPY C:/Tcl86/include/tcl8.6/tdbcDecls.h
FILECOPY C:/Tcl86/include/tcl8.6/tdbcInt.h
FILECOPY C:/Tcl86/include/tcl8.6/tk.h
FILECOPY C:/Tcl86/include/tcl8.6/tkDecls.h
FILECOPY C:/Tcl86/include/tcl8.6/tkInt.h
FILECOPY C:/Tcl86/include/tcl8.6/tkIntDecls.h
FILECOPY C:/Tcl86/include/tcl8.6/tkIntPlatDecls.h
FILECOPY C:/Tcl86/include/tcl8.6/tkIntXlibDecls.h
FILECOPY C:/Tcl86/include/tcl8.6/tkPlatDecls.h
FILECOPY C:/Tcl86/include/tcl8.6/tkPort.h
FILECOPY C:/Tcl86/include/tcl8.6/tkWin.h
FILECOPY C:/Tcl86/include/tcl8.6/tkWinInt.h
FILECOPY C:/Tcl86/include/tcl8.6/tkWinPort.h
FILECOPY C:/Tcl86/include/tcl8.6/ttkDecls.h
MKDIR C:/Tcl86/include/tcl8.6/X11
FILECOPY C:/Tcl86/include/tcl8.6/X11/X.h
FILECOPY C:/Tcl86/include/tcl8.6/X11/Xatom.h
FILECOPY C:/Tcl86/include/tcl8.6/X11/Xfuncproto.h
FILECOPY C:/Tcl86/include/tcl8.6/X11/Xlib.h
FILECOPY C:/Tcl86/include/tcl8.6/X11/Xutil.h
FILECOPY C:/Tcl86/include/tcl8.6/X11/cursorfont.h
FILECOPY C:/Tcl86/include/tcl8.6/X11/keysym.h
FILECOPY C:/Tcl86/include/tcl8.6/X11/keysymdef.h
MKDIR C:/Tcl86/lib
FILECOPY C:/Tcl86/lib/tcl86.lib
FILECOPY C:/Tcl86/lib/tclConfig-shared.sh
FILECOPY C:/Tcl86/lib/tclConfig.sh
FILECOPY C:/Tcl86/lib/tclstub86.lib
FILECOPY C:/Tcl86/lib/tk86.lib
FILECOPY C:/Tcl86/lib/tkConfig-shared.sh
FILECOPY C:/Tcl86/lib/tkConfig.sh
FILECOPY C:/Tcl86/lib/tkstub86.lib
FILECOPY C:/Tcl86/lib/ttkstub.lib
MKDIR C:/Tcl86/lib/itcl4.0b7
FILECOPY C:/Tcl86/lib/itcl4.0b7/itcl.tcl
FILECOPY C:/Tcl86/lib/itcl4.0b7/itcl4.0b7.tap
FILECOPY C:/Tcl86/lib/itcl4.0b7/itcl40b7.dll
FILECOPY C:/Tcl86/lib/itcl4.0b7/itcl40b7.lib
FILECOPY C:/Tcl86/lib/itcl4.0b7/itclConfig.sh
FILECOPY C:/Tcl86/lib/itcl4.0b7/itclHullCmds.tcl
FILECOPY C:/Tcl86/lib/itcl4.0b7/itclWidget.tcl
FILECOPY C:/Tcl86/lib/itcl4.0b7/itclstub40b7.lib
FILECOPY C:/Tcl86/lib/itcl4.0b7/pkgIndex.tcl
MKDIR C:/Tcl86/lib/tcl8
MKDIR C:/Tcl86/lib/tcl8/8.4
FILECOPY C:/Tcl86/lib/tcl8/8.4/platform-1.0.10.tm
MKDIR C:/Tcl86/lib/tcl8/8.4/activestate
MKDIR C:/Tcl86/lib/tcl8/8.4/activestate/teapot
FILECOPY C:/Tcl86/lib/tcl8/8.4/activestate/teapot/link-1.1.tm
MKDIR C:/Tcl86/lib/tcl8/8.4/platform
FILECOPY C:/Tcl86/lib/tcl8/8.4/platform/shell-1.1.4.tm
MKDIR C:/Tcl86/lib/tcl8/8.5
FILECOPY C:/Tcl86/lib/tcl8/8.5/msgcat-1.5.0.tm
FILECOPY C:/Tcl86/lib/tcl8/8.5/tcltest-2.3.5.tm
MKDIR C:/Tcl86/lib/tcl8/8.6
FILECOPY C:/Tcl86/lib/tcl8/8.6/http-2.8.5.tm
MKDIR C:/Tcl86/lib/tcl8.6
FILECOPY C:/Tcl86/lib/tcl8.6/auto.tcl
FILECOPY C:/Tcl86/lib/tcl8.6/clock.tcl
FILECOPY C:/Tcl86/lib/tcl8.6/history.tcl
FILECOPY C:/Tcl86/lib/tcl8.6/init.tcl
FILECOPY C:/Tcl86/lib/tcl8.6/package.tcl
FILECOPY C:/Tcl86/lib/tcl8.6/parray.tcl
FILECOPY C:/Tcl86/lib/tcl8.6/safe.tcl
FILECOPY C:/Tcl86/lib/tcl8.6/tclConfig-shared.sh
FILECOPY C:/Tcl86/lib/tcl8.6/tclConfig.sh
FILECOPY C:/Tcl86/lib/tcl8.6/tclIndex
FILECOPY C:/Tcl86/lib/tcl8.6/tm.tcl
FILECOPY C:/Tcl86/lib/tcl8.6/word.tcl
MKDIR C:/Tcl86/lib/tcl8.6/dde1.4
FILECOPY C:/Tcl86/lib/tcl8.6/dde1.4/dde.tap
FILECOPY C:/Tcl86/lib/tcl8.6/dde1.4/pkgIndex.tcl
FILECOPY C:/Tcl86/lib/tcl8.6/dde1.4/tcldde14.dll
MKDIR C:/Tcl86/lib/tcl8.6/encoding
FILECOPY C:/Tcl86/lib/tcl8.6/encoding/ascii.enc
FILECOPY C:/Tcl86/lib/tcl8.6/encoding/big5.enc
FILECOPY C:/Tcl86/lib/tcl8.6/encoding/cp1250.enc
FILECOPY C:/Tcl86/lib/tcl8.6/encoding/cp1251.enc
FILECOPY C:/Tcl86/lib/tcl8.6/encoding/cp1252.enc
FILECOPY C:/Tcl86/lib/tcl8.6/encoding/cp1253.enc
FILECOPY C:/Tcl86/lib/tcl8.6/encoding/cp1254.enc
FILECOPY C:/Tcl86/lib/tcl8.6/encoding/cp1255.enc
FILECOPY C:/Tcl86/lib/tcl8.6/encoding/cp1256.enc
FILECOPY C:/Tcl86/lib/tcl8.6/encoding/cp1257.enc
FILECOPY C:/Tcl86/lib/tcl8.6/encoding/cp1258.enc
FILECOPY C:/Tcl86/lib/tcl8.6/encoding/cp437.enc
FILECOPY C:/Tcl86/lib/tcl8.6/encoding/cp737.enc
FILECOPY C:/Tcl86/lib/tcl8.6/encoding/cp775.enc
FILECOPY C:/Tcl86/lib/tcl8.6/encoding/cp850.enc
FILECOPY C:/Tcl86/lib/tcl8.6/encoding/cp852.enc
FILECOPY C:/Tcl86/lib/tcl8.6/encoding/cp855.enc
FILECOPY C:/Tcl86/lib/tcl8.6/encoding/cp857.enc
FILECOPY C:/Tcl86/lib/tcl8.6/encoding/cp860.enc
FILECOPY C:/Tcl86/lib/tcl8.6/encoding/cp861.enc
FILECOPY C:/Tcl86/lib/tcl8.6/encoding/cp862.enc
FILECOPY C:/Tcl86/lib/tcl8.6/encoding/cp863.enc
FILECOPY C:/Tcl86/lib/tcl8.6/encoding/cp864.enc
FILECOPY C:/Tcl86/lib/tcl8.6/encoding/cp865.enc
FILECOPY C:/Tcl86/lib/tcl8.6/encoding/cp866.enc
FILECOPY C:/Tcl86/lib/tcl8.6/encoding/cp869.enc
FILECOPY C:/Tcl86/lib/tcl8.6/encoding/cp874.enc
FILECOPY C:/Tcl86/lib/tcl8.6/encoding/cp932.enc
FILECOPY C:/Tcl86/lib/tcl8.6/encoding/cp936.enc
FILECOPY C:/Tcl86/lib/tcl8.6/encoding/cp949.enc
FILECOPY C:/Tcl86/lib/tcl8.6/encoding/cp950.enc
FILECOPY C:/Tcl86/lib/tcl8.6/encoding/dingbats.enc
FILECOPY C:/Tcl86/lib/tcl8.6/encoding/ebcdic.enc
FILECOPY C:/Tcl86/lib/tcl8.6/encoding/euc-cn.enc
FILECOPY C:/Tcl86/lib/tcl8.6/encoding/euc-jp.enc
FILECOPY C:/Tcl86/lib/tcl8.6/encoding/euc-kr.enc
FILECOPY C:/Tcl86/lib/tcl8.6/encoding/gb12345.enc
FILECOPY C:/Tcl86/lib/tcl8.6/encoding/gb1988.enc
FILECOPY C:/Tcl86/lib/tcl8.6/encoding/gb2312-raw.enc
FILECOPY C:/Tcl86/lib/tcl8.6/encoding/gb2312.enc
FILECOPY C:/Tcl86/lib/tcl8.6/encoding/iso2022-jp.enc
FILECOPY C:/Tcl86/lib/tcl8.6/encoding/iso2022-kr.enc
FILECOPY C:/Tcl86/lib/tcl8.6/encoding/iso2022.enc
FILECOPY C:/Tcl86/lib/tcl8.6/encoding/iso8859-1.enc
FILECOPY C:/Tcl86/lib/tcl8.6/encoding/iso8859-10.enc
FILECOPY C:/Tcl86/lib/tcl8.6/encoding/iso8859-13.enc
FILECOPY C:/Tcl86/lib/tcl8.6/encoding/iso8859-14.enc
FILECOPY C:/Tcl86/lib/tcl8.6/encoding/iso8859-15.enc
FILECOPY C:/Tcl86/lib/tcl8.6/encoding/iso8859-16.enc
FILECOPY C:/Tcl86/lib/tcl8.6/encoding/iso8859-2.enc
FILECOPY C:/Tcl86/lib/tcl8.6/encoding/iso8859-3.enc
FILECOPY C:/Tcl86/lib/tcl8.6/encoding/iso8859-4.enc
FILECOPY C:/Tcl86/lib/tcl8.6/encoding/iso8859-5.enc
FILECOPY C:/Tcl86/lib/tcl8.6/encoding/iso8859-6.enc
FILECOPY C:/Tcl86/lib/tcl8.6/encoding/iso8859-7.enc
FILECOPY C:/Tcl86/lib/tcl8.6/encoding/iso8859-8.enc
FILECOPY C:/Tcl86/lib/tcl8.6/encoding/iso8859-9.enc
FILECOPY C:/Tcl86/lib/tcl8.6/encoding/jis0201.enc
FILECOPY C:/Tcl86/lib/tcl8.6/encoding/jis0208.enc
FILECOPY C:/Tcl86/lib/tcl8.6/encoding/jis0212.enc
FILECOPY C:/Tcl86/lib/tcl8.6/encoding/koi8-r.enc
FILECOPY C:/Tcl86/lib/tcl8.6/encoding/koi8-u.enc
FILECOPY C:/Tcl86/lib/tcl8.6/encoding/ksc5601.enc
FILECOPY C:/Tcl86/lib/tcl8.6/encoding/macCentEuro.enc
FILECOPY C:/Tcl86/lib/tcl8.6/encoding/macCroatian.enc
FILECOPY C:/Tcl86/lib/tcl8.6/encoding/macCyrillic.enc
FILECOPY C:/Tcl86/lib/tcl8.6/encoding/macDingbats.enc
FILECOPY C:/Tcl86/lib/tcl8.6/encoding/macGreek.enc
FILECOPY C:/Tcl86/lib/tcl8.6/encoding/macIceland.enc
FILECOPY C:/Tcl86/lib/tcl8.6/encoding/macJapan.enc
FILECOPY C:/Tcl86/lib/tcl8.6/encoding/macRoman.enc
FILECOPY C:/Tcl86/lib/tcl8.6/encoding/macRomania.enc
FILECOPY C:/Tcl86/lib/tcl8.6/encoding/macThai.enc
FILECOPY C:/Tcl86/lib/tcl8.6/encoding/macTurkish.enc
FILECOPY C:/Tcl86/lib/tcl8.6/encoding/macUkraine.enc
FILECOPY C:/Tcl86/lib/tcl8.6/encoding/shiftjis.enc
FILECOPY C:/Tcl86/lib/tcl8.6/encoding/symbol.enc
FILECOPY C:/Tcl86/lib/tcl8.6/encoding/tis-620.enc
MKDIR C:/Tcl86/lib/tcl8.6/http1.0
FILECOPY C:/Tcl86/lib/tcl8.6/http1.0/http.tcl
FILECOPY C:/Tcl86/lib/tcl8.6/http1.0/pkgIndex.tcl
MKDIR C:/Tcl86/lib/tcl8.6/msgs
FILECOPY C:/Tcl86/lib/tcl8.6/msgs/af.msg
FILECOPY C:/Tcl86/lib/tcl8.6/msgs/af_za.msg
FILECOPY C:/Tcl86/lib/tcl8.6/msgs/ar.msg
FILECOPY C:/Tcl86/lib/tcl8.6/msgs/ar_in.msg
FILECOPY C:/Tcl86/lib/tcl8.6/msgs/ar_jo.msg
FILECOPY C:/Tcl86/lib/tcl8.6/msgs/ar_lb.msg
FILECOPY C:/Tcl86/lib/tcl8.6/msgs/ar_sy.msg
FILECOPY C:/Tcl86/lib/tcl8.6/msgs/be.msg
FILECOPY C:/Tcl86/lib/tcl8.6/msgs/bg.msg
FILECOPY C:/Tcl86/lib/tcl8.6/msgs/bn.msg
FILECOPY C:/Tcl86/lib/tcl8.6/msgs/bn_in.msg
FILECOPY C:/Tcl86/lib/tcl8.6/msgs/ca.msg
FILECOPY C:/Tcl86/lib/tcl8.6/msgs/cs.msg
FILECOPY C:/Tcl86/lib/tcl8.6/msgs/da.msg
FILECOPY C:/Tcl86/lib/tcl8.6/msgs/de.msg
FILECOPY C:/Tcl86/lib/tcl8.6/msgs/de_at.msg
FILECOPY C:/Tcl86/lib/tcl8.6/msgs/de_be.msg
FILECOPY C:/Tcl86/lib/tcl8.6/msgs/el.msg
FILECOPY C:/Tcl86/lib/tcl8.6/msgs/en_au.msg
FILECOPY C:/Tcl86/lib/tcl8.6/msgs/en_be.msg
FILECOPY C:/Tcl86/lib/tcl8.6/msgs/en_bw.msg
FILECOPY C:/Tcl86/lib/tcl8.6/msgs/en_ca.msg
FILECOPY C:/Tcl86/lib/tcl8.6/msgs/en_gb.msg
FILECOPY C:/Tcl86/lib/tcl8.6/msgs/en_hk.msg
FILECOPY C:/Tcl86/lib/tcl8.6/msgs/en_ie.msg
FILECOPY C:/Tcl86/lib/tcl8.6/msgs/en_in.msg
FILECOPY C:/Tcl86/lib/tcl8.6/msgs/en_nz.msg
FILECOPY C:/Tcl86/lib/tcl8.6/msgs/en_ph.msg
FILECOPY C:/Tcl86/lib/tcl8.6/msgs/en_sg.msg
FILECOPY C:/Tcl86/lib/tcl8.6/msgs/en_za.msg
FILECOPY C:/Tcl86/lib/tcl8.6/msgs/en_zw.msg
FILECOPY C:/Tcl86/lib/tcl8.6/msgs/eo.msg
FILECOPY C:/Tcl86/lib/tcl8.6/msgs/es.msg
FILECOPY C:/Tcl86/lib/tcl8.6/msgs/es_ar.msg
FILECOPY C:/Tcl86/lib/tcl8.6/msgs/es_bo.msg
FILECOPY C:/Tcl86/lib/tcl8.6/msgs/es_cl.msg
FILECOPY C:/Tcl86/lib/tcl8.6/msgs/es_co.msg
FILECOPY C:/Tcl86/lib/tcl8.6/msgs/es_cr.msg
FILECOPY C:/Tcl86/lib/tcl8.6/msgs/es_do.msg
FILECOPY C:/Tcl86/lib/tcl8.6/msgs/es_ec.msg
FILECOPY C:/Tcl86/lib/tcl8.6/msgs/es_gt.msg
FILECOPY C:/Tcl86/lib/tcl8.6/msgs/es_hn.msg
FILECOPY C:/Tcl86/lib/tcl8.6/msgs/es_mx.msg
FILECOPY C:/Tcl86/lib/tcl8.6/msgs/es_ni.msg
FILECOPY C:/Tcl86/lib/tcl8.6/msgs/es_pa.msg
FILECOPY C:/Tcl86/lib/tcl8.6/msgs/es_pe.msg
FILECOPY C:/Tcl86/lib/tcl8.6/msgs/es_pr.msg
FILECOPY C:/Tcl86/lib/tcl8.6/msgs/es_py.msg
FILECOPY C:/Tcl86/lib/tcl8.6/msgs/es_sv.msg
FILECOPY C:/Tcl86/lib/tcl8.6/msgs/es_uy.msg
FILECOPY C:/Tcl86/lib/tcl8.6/msgs/es_ve.msg
FILECOPY C:/Tcl86/lib/tcl8.6/msgs/et.msg
FILECOPY C:/Tcl86/lib/tcl8.6/msgs/eu.msg
FILECOPY C:/Tcl86/lib/tcl8.6/msgs/eu_es.msg
FILECOPY C:/Tcl86/lib/tcl8.6/msgs/fa.msg
FILECOPY C:/Tcl86/lib/tcl8.6/msgs/fa_in.msg
FILECOPY C:/Tcl86/lib/tcl8.6/msgs/fa_ir.msg
FILECOPY C:/Tcl86/lib/tcl8.6/msgs/fi.msg
FILECOPY C:/Tcl86/lib/tcl8.6/msgs/fo.msg
FILECOPY C:/Tcl86/lib/tcl8.6/msgs/fo_fo.msg
FILECOPY C:/Tcl86/lib/tcl8.6/msgs/fr.msg
FILECOPY C:/Tcl86/lib/tcl8.6/msgs/fr_be.msg
FILECOPY C:/Tcl86/lib/tcl8.6/msgs/fr_ca.msg
FILECOPY C:/Tcl86/lib/tcl8.6/msgs/fr_ch.msg
FILECOPY C:/Tcl86/lib/tcl8.6/msgs/ga.msg
FILECOPY C:/Tcl86/lib/tcl8.6/msgs/ga_ie.msg
FILECOPY C:/Tcl86/lib/tcl8.6/msgs/gl.msg
FILECOPY C:/Tcl86/lib/tcl8.6/msgs/gl_es.msg
FILECOPY C:/Tcl86/lib/tcl8.6/msgs/gv.msg
FILECOPY C:/Tcl86/lib/tcl8.6/msgs/gv_gb.msg
FILECOPY C:/Tcl86/lib/tcl8.6/msgs/he.msg
FILECOPY C:/Tcl86/lib/tcl8.6/msgs/hi.msg
FILECOPY C:/Tcl86/lib/tcl8.6/msgs/hi_in.msg
FILECOPY C:/Tcl86/lib/tcl8.6/msgs/hr.msg
FILECOPY C:/Tcl86/lib/tcl8.6/msgs/hu.msg
FILECOPY C:/Tcl86/lib/tcl8.6/msgs/id.msg
FILECOPY C:/Tcl86/lib/tcl8.6/msgs/id_id.msg
FILECOPY C:/Tcl86/lib/tcl8.6/msgs/is.msg
FILECOPY C:/Tcl86/lib/tcl8.6/msgs/it.msg
FILECOPY C:/Tcl86/lib/tcl8.6/msgs/it_ch.msg
FILECOPY C:/Tcl86/lib/tcl8.6/msgs/ja.msg
FILECOPY C:/Tcl86/lib/tcl8.6/msgs/kl.msg
FILECOPY C:/Tcl86/lib/tcl8.6/msgs/kl_gl.msg
FILECOPY C:/Tcl86/lib/tcl8.6/msgs/ko.msg
FILECOPY C:/Tcl86/lib/tcl8.6/msgs/ko_kr.msg
FILECOPY C:/Tcl86/lib/tcl8.6/msgs/kok.msg
FILECOPY C:/Tcl86/lib/tcl8.6/msgs/kok_in.msg
FILECOPY C:/Tcl86/lib/tcl8.6/msgs/kw.msg
FILECOPY C:/Tcl86/lib/tcl8.6/msgs/kw_gb.msg
FILECOPY C:/Tcl86/lib/tcl8.6/msgs/lt.msg
FILECOPY C:/Tcl86/lib/tcl8.6/msgs/lv.msg
FILECOPY C:/Tcl86/lib/tcl8.6/msgs/mk.msg
FILECOPY C:/Tcl86/lib/tcl8.6/msgs/mr.msg
FILECOPY C:/Tcl86/lib/tcl8.6/msgs/mr_in.msg
FILECOPY C:/Tcl86/lib/tcl8.6/msgs/ms.msg
FILECOPY C:/Tcl86/lib/tcl8.6/msgs/ms_my.msg
FILECOPY C:/Tcl86/lib/tcl8.6/msgs/mt.msg
FILECOPY C:/Tcl86/lib/tcl8.6/msgs/nb.msg
FILECOPY C:/Tcl86/lib/tcl8.6/msgs/nl.msg
FILECOPY C:/Tcl86/lib/tcl8.6/msgs/nl_be.msg
FILECOPY C:/Tcl86/lib/tcl8.6/msgs/nn.msg
FILECOPY C:/Tcl86/lib/tcl8.6/msgs/pl.msg
FILECOPY C:/Tcl86/lib/tcl8.6/msgs/pt.msg
FILECOPY C:/Tcl86/lib/tcl8.6/msgs/pt_br.msg
FILECOPY C:/Tcl86/lib/tcl8.6/msgs/ro.msg
FILECOPY C:/Tcl86/lib/tcl8.6/msgs/ru.msg
FILECOPY C:/Tcl86/lib/tcl8.6/msgs/ru_ua.msg
FILECOPY C:/Tcl86/lib/tcl8.6/msgs/sh.msg
FILECOPY C:/Tcl86/lib/tcl8.6/msgs/sk.msg
FILECOPY C:/Tcl86/lib/tcl8.6/msgs/sl.msg
FILECOPY C:/Tcl86/lib/tcl8.6/msgs/sq.msg
FILECOPY C:/Tcl86/lib/tcl8.6/msgs/sr.msg
FILECOPY C:/Tcl86/lib/tcl8.6/msgs/sv.msg
FILECOPY C:/Tcl86/lib/tcl8.6/msgs/sw.msg
FILECOPY C:/Tcl86/lib/tcl8.6/msgs/ta.msg
FILECOPY C:/Tcl86/lib/tcl8.6/msgs/ta_in.msg
FILECOPY C:/Tcl86/lib/tcl8.6/msgs/te.msg
FILECOPY C:/Tcl86/lib/tcl8.6/msgs/te_in.msg
FILECOPY C:/Tcl86/lib/tcl8.6/msgs/th.msg
FILECOPY C:/Tcl86/lib/tcl8.6/msgs/tr.msg
FILECOPY C:/Tcl86/lib/tcl8.6/msgs/uk.msg
FILECOPY C:/Tcl86/lib/tcl8.6/msgs/vi.msg
FILECOPY C:/Tcl86/lib/tcl8.6/msgs/zh.msg
FILECOPY C:/Tcl86/lib/tcl8.6/msgs/zh_cn.msg
FILECOPY C:/Tcl86/lib/tcl8.6/msgs/zh_hk.msg
FILECOPY C:/Tcl86/lib/tcl8.6/msgs/zh_sg.msg
FILECOPY C:/Tcl86/lib/tcl8.6/msgs/zh_tw.msg
MKDIR C:/Tcl86/lib/tcl8.6/opt0.4
FILECOPY C:/Tcl86/lib/tcl8.6/opt0.4/optparse.tcl
FILECOPY C:/Tcl86/lib/tcl8.6/opt0.4/pkgIndex.tcl
MKDIR C:/Tcl86/lib/tcl8.6/reg1.3
FILECOPY C:/Tcl86/lib/tcl8.6/reg1.3/pkgIndex.tcl
FILECOPY C:/Tcl86/lib/tcl8.6/reg1.3/registry.tap
FILECOPY C:/Tcl86/lib/tcl8.6/reg1.3/tclreg13.dll
MKDIR C:/Tcl86/lib/tcl8.6/tbcload1.7
FILECOPY C:/Tcl86/lib/tcl8.6/tbcload1.7/pkgIndex.tcl
FILECOPY C:/Tcl86/lib/tcl8.6/tbcload1.7/tbcload.tap
FILECOPY C:/Tcl86/lib/tcl8.6/tbcload1.7/tbcload17.dll
MKDIR C:/Tcl86/lib/tcl8.6/thread2.6.7
FILECOPY C:/Tcl86/lib/tcl8.6/thread2.6.7/pkgIndex.tcl
FILECOPY C:/Tcl86/lib/tcl8.6/thread2.6.7/thread267.dll
FILECOPY C:/Tcl86/lib/tcl8.6/thread2.6.7/ttrace.tcl
MKDIR C:/Tcl86/lib/tcl8.6/trofs0.4.6
FILECOPY C:/Tcl86/lib/tcl8.6/trofs0.4.6/pkgIndex.tcl
FILECOPY C:/Tcl86/lib/tcl8.6/trofs0.4.6/procs.tcl
FILECOPY C:/Tcl86/lib/tcl8.6/trofs0.4.6/trofs.tcl
FILECOPY C:/Tcl86/lib/tcl8.6/trofs0.4.6/trofs0.4.6.tap
FILECOPY C:/Tcl86/lib/tcl8.6/trofs0.4.6/trofs046.dll
MKDIR C:/Tcl86/lib/tcl8.6/tzdata
FILECOPY C:/Tcl86/lib/tcl8.6/tzdata/CET
FILECOPY C:/Tcl86/lib/tcl8.6/tzdata/CST6CDT
FILECOPY C:/Tcl86/lib/tcl8.6/tzdata/Cuba
FILECOPY C:/Tcl86/lib/tcl8.6/tzdata/EET
FILECOPY C:/Tcl86/lib/tcl8.6/tzdata/EST
FILECOPY C:/Tcl86/lib/tcl8.6/tzdata/EST5EDT
FILECOPY C:/Tcl86/lib/tcl8.6/tzdata/Egypt
FILECOPY C:/Tcl86/lib/tcl8.6/tzdata/Eire
FILECOPY C:/Tcl86/lib/tcl8.6/tzdata/GB
FILECOPY C:/Tcl86/lib/tcl8.6/tzdata/GB-Eire
FILECOPY C:/Tcl86/lib/tcl8.6/tzdata/GMT
FILECOPY C:/Tcl86/lib/tcl8.6/tzdata/GMT+0
FILECOPY C:/Tcl86/lib/tcl8.6/tzdata/GMT-0
FILECOPY C:/Tcl86/lib/tcl8.6/tzdata/GMT0
FILECOPY C:/Tcl86/lib/tcl8.6/tzdata/Greenwich
FILECOPY C:/Tcl86/lib/tcl8.6/tzdata/HST
FILECOPY C:/Tcl86/lib/tcl8.6/tzdata/Hongkong
FILECOPY C:/Tcl86/lib/tcl8.6/tzdata/Iceland
FILECOPY C:/Tcl86/lib/tcl8.6/tzdata/Iran
FILECOPY C:/Tcl86/lib/tcl8.6/tzdata/Israel
FILECOPY C:/Tcl86/lib/tcl8.6/tzdata/Jamaica
FILECOPY C:/Tcl86/lib/tcl8.6/tzdata/Japan
FILECOPY C:/Tcl86/lib/tcl8.6/tzdata/Kwajalein
FILECOPY C:/Tcl86/lib/tcl8.6/tzdata/Libya
FILECOPY C:/Tcl86/lib/tcl8.6/tzdata/MET
FILECOPY C:/Tcl86/lib/tcl8.6/tzdata/MST
FILECOPY C:/Tcl86/lib/tcl8.6/tzdata/MST7MDT
FILECOPY C:/Tcl86/lib/tcl8.6/tzdata/NZ
FILECOPY C:/Tcl86/lib/tcl8.6/tzdata/NZ-CHAT
FILECOPY C:/Tcl86/lib/tcl8.6/tzdata/Navajo
FILECOPY C:/Tcl86/lib/tcl8.6/tzdata/PRC
FILECOPY C:/Tcl86/lib/tcl8.6/tzdata/PST8PDT
FILECOPY C:/Tcl86/lib/tcl8.6/tzdata/Poland
FILECOPY C:/Tcl86/lib/tcl8.6/tzdata/Portugal
FILECOPY C:/Tcl86/lib/tcl8.6/tzdata/ROC
FILECOPY C:/Tcl86/lib/tcl8.6/tzdata/ROK
FILECOPY C:/Tcl86/lib/tcl8.6/tzdata/Singapore
FILECOPY C:/Tcl86/lib/tcl8.6/tzdata/Turkey
FILECOPY C:/Tcl86/lib/tcl8.6/tzdata/UCT
FILECOPY C:/Tcl86/lib/tcl8.6/tzdata/UTC
FILECOPY C:/Tcl86/lib/tcl8.6/tzdata/Universal
FILECOPY C:/Tcl86/lib/tcl8.6/tzdata/W-SU
FILECOPY C:/Tcl86/lib/tcl8.6/tzdata/WET
FILECOPY C:/Tcl86/lib/tcl8.6/tzdata/Zulu
MKDIR C:/Tcl86/lib/tcl8.6/tzdata/Africa
FILECOPY C:/Tcl86/lib/tcl8.6/tzdata/Africa/Abidjan
FILECOPY C:/Tcl86/lib/tcl8.6/tzdata/Africa/Accra
FILECOPY C:/Tcl86/lib/tcl8.6/tzdata/Africa/Addis_Ababa
FILECOPY C:/Tcl86/lib/tcl8.6/tzdata/Africa/Algiers
FILECOPY C:/Tcl86/lib/tcl8.6/tzdata/Africa/Asmara
FILECOPY C:/Tcl86/lib/tcl8.6/tzdata/Africa/Asmera
FILECOPY C:/Tcl86/lib/tcl8.6/tzdata/Africa/Bamako
FILECOPY C:/Tcl86/lib/tcl8.6/tzdata/Africa/Bangui
FILECOPY C:/Tcl86/lib/tcl8.6/tzdata/Africa/Banjul
FILECOPY C:/Tcl86/lib/tcl8.6/tzdata/Africa/Bissau
FILECOPY C:/Tcl86/lib/tcl8.6/tzdata/Africa/Blantyre
FILECOPY C:/Tcl86/lib/tcl8.6/tzdata/Africa/Brazzaville
FILECOPY C:/Tcl86/lib/tcl8.6/tzdata/Africa/Bujumbura
FILECOPY C:/Tcl86/lib/tcl8.6/tzdata/Africa/Cairo
FILECOPY C:/Tcl86/lib/tcl8.6/tzdata/Africa/Casablanca
FILECOPY C:/Tcl86/lib/tcl8.6/tzdata/Africa/Ceuta
FILECOPY C:/Tcl86/lib/tcl8.6/tzdata/Africa/Conakry
FILECOPY C:/Tcl86/lib/tcl8.6/tzdata/Africa/Dakar
FILECOPY C:/Tcl86/lib/tcl8.6/tzdata/Africa/Dar_es_Salaam
FILECOPY C:/Tcl86/lib/tcl8.6/tzdata/Africa/Djibouti
FILECOPY C:/Tcl86/lib/tcl8.6/tzdata/Africa/Douala
FILECOPY C:/Tcl86/lib/tcl8.6/tzdata/Africa/El_Aaiun
FILECOPY C:/Tcl86/lib/tcl8.6/tzdata/Africa/Freetown
FILECOPY C:/Tcl86/lib/tcl8.6/tzdata/Africa/Gaborone
FILECOPY C:/Tcl86/lib/tcl8.6/tzdata/Africa/Harare
FILECOPY C:/Tcl86/lib/tcl8.6/tzdata/Africa/Johannesburg
FILECOPY C:/Tcl86/lib/tcl8.6/tzdata/Africa/Juba
FILECOPY C:/Tcl86/lib/tcl8.6/tzdata/Africa/Kampala
FILECOPY C:/Tcl86/lib/tcl8.6/tzdata/Africa/Khartoum
FILECOPY C:/Tcl86/lib/tcl8.6/tzdata/Africa/Kigali
FILECOPY C:/Tcl86/lib/tcl8.6/tzdata/Africa/Kinshasa
FILECOPY C:/Tcl86/lib/tcl8.6/tzdata/Africa/Lagos
FILECOPY C:/Tcl86/lib/tcl8.6/tzdata/Africa/Libreville
FILECOPY C:/Tcl86/lib/tcl8.6/tzdata/Africa/Lome
FILECOPY C:/Tcl86/lib/tcl8.6/tzdata/Africa/Luanda
FILECOPY C:/Tcl86/lib/tcl8.6/tzdata/Africa/Lubumbashi
FILECOPY C:/Tcl86/lib/tcl8.6/tzdata/Africa/Lusaka
FILECOPY C:/Tcl86/lib/tcl8.6/tzdata/Africa/Malabo
FILECOPY C:/Tcl86/lib/tcl8.6/tzdata/Africa/Maputo
FILECOPY C:/Tcl86/lib/tcl8.6/tzdata/Africa/Maseru
FILECOPY C:/Tcl86/lib/tcl8.6/tzdata/Africa/Mbabane
FILECOPY C:/Tcl86/lib/tcl8.6/tzdata/Africa/Mogadishu
FILECOPY C:/Tcl86/lib/tcl8.6/tzdata/Africa/Monrovia
FILECOPY C:/Tcl86/lib/tcl8.6/tzdata/Africa/Nairobi
FILECOPY C:/Tcl86/lib/tcl8.6/tzdata/Africa/Ndjamena
FILECOPY C:/Tcl86/lib/tcl8.6/tzdata/Africa/Niamey
FILECOPY C:/Tcl86/lib/tcl8.6/tzdata/Africa/Nouakchott
FILECOPY C:/Tcl86/lib/tcl8.6/tzdata/Africa/Ouagadougou
FILECOPY C:/Tcl86/lib/tcl8.6/tzdata/Africa/Porto-Novo
FILECOPY C:/Tcl86/lib/tcl8.6/tzdata/Africa/Sao_Tome
FILECOPY C:/Tcl86/lib/tcl8.6/tzdata/Africa/Timbuktu
FILECOPY C:/Tcl86/lib/tcl8.6/tzdata/Africa/Tripoli
FILECOPY C:/Tcl86/lib/tcl8.6/tzdata/Africa/Tunis
FILECOPY C:/Tcl86/lib/tcl8.6/tzdata/Africa/Windhoek
MKDIR C:/Tcl86/lib/tcl8.6/tzdata/America
FILECOPY C:/Tcl86/lib/tcl8.6/tzdata/America/Adak
FILECOPY C:/Tcl86/lib/tcl8.6/tzdata/America/Anchorage
FILECOPY C:/Tcl86/lib/tcl8.6/tzdata/America/Anguilla
FILECOPY C:/Tcl86/lib/tcl8.6/tzdata/America/Antigua
FILECOPY C:/Tcl86/lib/tcl8.6/tzdata/America/Araguaina
FILECOPY C:/Tcl86/lib/tcl8.6/tzdata/America/Aruba
FILECOPY C:/Tcl86/lib/tcl8.6/tzdata/America/Asuncion
FILECOPY C:/Tcl86/lib/tcl8.6/tzdata/America/Atikokan
FILECOPY C:/Tcl86/lib/tcl8.6/tzdata/America/Atka
FILECOPY C:/Tcl86/lib/tcl8.6/tzdata/America/Bahia
FILECOPY C:/Tcl86/lib/tcl8.6/tzdata/America/Bahia_Banderas
FILECOPY C:/Tcl86/lib/tcl8.6/tzdata/America/Barbados
FILECOPY C:/Tcl86/lib/tcl8.6/tzdata/America/Belem
FILECOPY C:/Tcl86/lib/tcl8.6/tzdata/America/Belize
FILECOPY C:/Tcl86/lib/tcl8.6/tzdata/America/Blanc-Sablon
FILECOPY C:/Tcl86/lib/tcl8.6/tzdata/America/Boa_Vista
FILECOPY C:/Tcl86/lib/tcl8.6/tzdata/America/Bogota
FILECOPY C:/Tcl86/lib/tcl8.6/tzdata/America/Boise
FILECOPY C:/Tcl86/lib/tcl8.6/tzdata/America/Buenos_Aires
FILECOPY C:/Tcl86/lib/tcl8.6/tzdata/America/Cambridge_Bay
FILECOPY C:/Tcl86/lib/tcl8.6/tzdata/America/Campo_Grande
FILECOPY C:/Tcl86/lib/tcl8.6/tzdata/America/Cancun
FILECOPY C:/Tcl86/lib/tcl8.6/tzdata/America/Caracas
FILECOPY C:/Tcl86/lib/tcl8.6/tzdata/America/Catamarca
FILECOPY C:/Tcl86/lib/tcl8.6/tzdata/America/Cayenne
FILECOPY C:/Tcl86/lib/tcl8.6/tzdata/America/Cayman
FILECOPY C:/Tcl86/lib/tcl8.6/tzdata/America/Chicago
FILECOPY C:/Tcl86/lib/tcl8.6/tzdata/America/Chihuahua
FILECOPY C:/Tcl86/lib/tcl8.6/tzdata/America/Coral_Harbour
FILECOPY C:/Tcl86/lib/tcl8.6/tzdata/America/Cordoba
FILECOPY C:/Tcl86/lib/tcl8.6/tzdata/America/Costa_Rica
FILECOPY C:/Tcl86/lib/tcl8.6/tzdata/America/Creston
FILECOPY C:/Tcl86/lib/tcl8.6/tzdata/America/Cuiaba
FILECOPY C:/Tcl86/lib/tcl8.6/tzdata/America/Curacao
FILECOPY C:/Tcl86/lib/tcl8.6/tzdata/America/Danmarkshavn
FILECOPY C:/Tcl86/lib/tcl8.6/tzdata/America/Dawson
FILECOPY C:/Tcl86/lib/tcl8.6/tzdata/America/Dawson_Creek
FILECOPY C:/Tcl86/lib/tcl8.6/tzdata/America/Denver
FILECOPY C:/Tcl86/lib/tcl8.6/tzdata/America/Detroit
FILECOPY C:/Tcl86/lib/tcl8.6/tzdata/America/Dominica
FILECOPY C:/Tcl86/lib/tcl8.6/tzdata/America/Edmonton
FILECOPY C:/Tcl86/lib/tcl8.6/tzdata/America/Eirunepe
FILECOPY C:/Tcl86/lib/tcl8.6/tzdata/America/El_Salvador
FILECOPY C:/Tcl86/lib/tcl8.6/tzdata/America/Ensenada
FILECOPY C:/Tcl86/lib/tcl8.6/tzdata/America/Fort_Wayne
FILECOPY C:/Tcl86/lib/tcl8.6/tzdata/America/Fortaleza
FILECOPY C:/Tcl86/lib/tcl8.6/tzdata/America/Glace_Bay
FILECOPY C:/Tcl86/lib/tcl8.6/tzdata/America/Godthab
FILECOPY C:/Tcl86/lib/tcl8.6/tzdata/America/Goose_Bay
FILECOPY C:/Tcl86/lib/tcl8.6/tzdata/America/Grand_Turk
FILECOPY C:/Tcl86/lib/tcl8.6/tzdata/America/Grenada
FILECOPY C:/Tcl86/lib/tcl8.6/tzdata/America/Guadeloupe
FILECOPY C:/Tcl86/lib/tcl8.6/tzdata/America/Guatemala
FILECOPY C:/Tcl86/lib/tcl8.6/tzdata/America/Guayaquil
FILECOPY C:/Tcl86/lib/tcl8.6/tzdata/America/Guyana
FILECOPY C:/Tcl86/lib/tcl8.6/tzdata/America/Halifax
FILECOPY C:/Tcl86/lib/tcl8.6/tzdata/America/Havana
FILECOPY C:/Tcl86/lib/tcl8.6/tzdata/America/Hermosillo
FILECOPY C:/Tcl86/lib/tcl8.6/tzdata/America/Indianapolis
FILECOPY C:/Tcl86/lib/tcl8.6/tzdata/America/Inuvik
FILECOPY C:/Tcl86/lib/tcl8.6/tzdata/America/Iqaluit
FILECOPY C:/Tcl86/lib/tcl8.6/tzdata/America/Jamaica
FILECOPY C:/Tcl86/lib/tcl8.6/tzdata/America/Jujuy
FILECOPY C:/Tcl86/lib/tcl8.6/tzdata/America/Juneau
FILECOPY C:/Tcl86/lib/tcl8.6/tzdata/America/Knox_IN
FILECOPY C:/Tcl86/lib/tcl8.6/tzdata/America/Kralendijk
FILECOPY C:/Tcl86/lib/tcl8.6/tzdata/America/La_Paz
FILECOPY C:/Tcl86/lib/tcl8.6/tzdata/America/Lima
FILECOPY C:/Tcl86/lib/tcl8.6/tzdata/America/Los_Angeles
FILECOPY C:/Tcl86/lib/tcl8.6/tzdata/America/Louisville
FILECOPY C:/Tcl86/lib/tcl8.6/tzdata/America/Lower_Princes
FILECOPY C:/Tcl86/lib/tcl8.6/tzdata/America/Maceio
FILECOPY C:/Tcl86/lib/tcl8.6/tzdata/America/Managua
FILECOPY C:/Tcl86/lib/tcl8.6/tzdata/America/Manaus
FILECOPY C:/Tcl86/lib/tcl8.6/tzdata/America/Marigot
FILECOPY C:/Tcl86/lib/tcl8.6/tzdata/America/Martinique
FILECOPY C:/Tcl86/lib/tcl8.6/tzdata/America/Matamoros
FILECOPY C:/Tcl86/lib/tcl8.6/tzdata/America/Mazatlan
FILECOPY C:/Tcl86/lib/tcl8.6/tzdata/America/Mendoza
FILECOPY C:/Tcl86/lib/tcl8.6/tzdata/America/Menominee
FILECOPY C:/Tcl86/lib/tcl8.6/tzdata/America/Merida
FILECOPY C:/Tcl86/lib/tcl8.6/tzdata/America/Metlakatla
FILECOPY C:/Tcl86/lib/tcl8.6/tzdata/America/Mexico_City
FILECOPY C:/Tcl86/lib/tcl8.6/tzdata/America/Miquelon
FILECOPY C:/Tcl86/lib/tcl8.6/tzdata/America/Moncton
FILECOPY C:/Tcl86/lib/tcl8.6/tzdata/America/Monterrey
FILECOPY C:/Tcl86/lib/tcl8.6/tzdata/America/Montevideo
FILECOPY C:/Tcl86/lib/tcl8.6/tzdata/America/Montreal
FILECOPY C:/Tcl86/lib/tcl8.6/tzdata/America/Montserrat
FILECOPY C:/Tcl86/lib/tcl8.6/tzdata/America/Nassau
FILECOPY C:/Tcl86/lib/tcl8.6/tzdata/America/New_York
FILECOPY C:/Tcl86/lib/tcl8.6/tzdata/America/Nipigon
FILECOPY C:/Tcl86/lib/tcl8.6/tzdata/America/Nome
FILECOPY C:/Tcl86/lib/tcl8.6/tzdata/America/Noronha
FILECOPY C:/Tcl86/lib/tcl8.6/tzdata/America/Ojinaga
FILECOPY C:/Tcl86/lib/tcl8.6/tzdata/America/Panama
FILECOPY C:/Tcl86/lib/tcl8.6/tzdata/America/Pangnirtung
FILECOPY C:/Tcl86/lib/tcl8.6/tzdata/America/Paramaribo
FILECOPY C:/Tcl86/lib/tcl8.6/tzdata/America/Phoenix
FILECOPY C:/Tcl86/lib/tcl8.6/tzdata/America/Port-au-Prince
FILECOPY C:/Tcl86/lib/tcl8.6/tzdata/America/Port_of_Spain
FILECOPY C:/Tcl86/lib/tcl8.6/tzdata/America/Porto_Acre
FILECOPY C:/Tcl86/lib/tcl8.6/tzdata/America/Porto_Velho
FILECOPY C:/Tcl86/lib/tcl8.6/tzdata/America/Puerto_Rico
FILECOPY C:/Tcl86/lib/tcl8.6/tzdata/America/Rainy_River
FILECOPY C:/Tcl86/lib/tcl8.6/tzdata/America/Rankin_Inlet
FILECOPY C:/Tcl86/lib/tcl8.6/tzdata/America/Recife
FILECOPY C:/Tcl86/lib/tcl8.6/tzdata/America/Regina
FILECOPY C:/Tcl86/lib/tcl8.6/tzdata/America/Resolute
FILECOPY C:/Tcl86/lib/tcl8.6/tzdata/America/Rio_Branco
FILECOPY C:/Tcl86/lib/tcl8.6/tzdata/America/Rosario
FILECOPY C:/Tcl86/lib/tcl8.6/tzdata/America/Santa_Isabel
FILECOPY C:/Tcl86/lib/tcl8.6/tzdata/America/Santarem
FILECOPY C:/Tcl86/lib/tcl8.6/tzdata/America/Santiago
FILECOPY C:/Tcl86/lib/tcl8.6/tzdata/America/Santo_Domingo
FILECOPY C:/Tcl86/lib/tcl8.6/tzdata/America/Sao_Paulo
FILECOPY C:/Tcl86/lib/tcl8.6/tzdata/America/Scoresbysund
FILECOPY C:/Tcl86/lib/tcl8.6/tzdata/America/Shiprock
FILECOPY C:/Tcl86/lib/tcl8.6/tzdata/America/Sitka
FILECOPY C:/Tcl86/lib/tcl8.6/tzdata/America/St_Barthelemy
FILECOPY C:/Tcl86/lib/tcl8.6/tzdata/America/St_Johns
FILECOPY C:/Tcl86/lib/tcl8.6/tzdata/America/St_Kitts
FILECOPY C:/Tcl86/lib/tcl8.6/tzdata/America/St_Lucia
FILECOPY C:/Tcl86/lib/tcl8.6/tzdata/America/St_Thomas
FILECOPY C:/Tcl86/lib/tcl8.6/tzdata/America/St_Vincent
FILECOPY C:/Tcl86/lib/tcl8.6/tzdata/America/Swift_Current
FILECOPY C:/Tcl86/lib/tcl8.6/tzdata/America/Tegucigalpa
FILECOPY C:/Tcl86/lib/tcl8.6/tzdata/America/Thule
FILECOPY C:/Tcl86/lib/tcl8.6/tzdata/America/Thunder_Bay
FILECOPY C:/Tcl86/lib/tcl8.6/tzdata/America/Tijuana
FILECOPY C:/Tcl86/lib/tcl8.6/tzdata/America/Toronto
FILECOPY C:/Tcl86/lib/tcl8.6/tzdata/America/Tortola
FILECOPY C:/Tcl86/lib/tcl8.6/tzdata/America/Vancouver
FILECOPY C:/Tcl86/lib/tcl8.6/tzdata/America/Virgin
FILECOPY C:/Tcl86/lib/tcl8.6/tzdata/America/Whitehorse
FILECOPY C:/Tcl86/lib/tcl8.6/tzdata/America/Winnipeg
FILECOPY C:/Tcl86/lib/tcl8.6/tzdata/America/Yakutat
FILECOPY C:/Tcl86/lib/tcl8.6/tzdata/America/Yellowknife
MKDIR C:/Tcl86/lib/tcl8.6/tzdata/America/Argentina
FILECOPY C:/Tcl86/lib/tcl8.6/tzdata/America/Argentina/Buenos_Aires
FILECOPY C:/Tcl86/lib/tcl8.6/tzdata/America/Argentina/Catamarca
FILECOPY C:/Tcl86/lib/tcl8.6/tzdata/America/Argentina/ComodRivadavia
FILECOPY C:/Tcl86/lib/tcl8.6/tzdata/America/Argentina/Cordoba
FILECOPY C:/Tcl86/lib/tcl8.6/tzdata/America/Argentina/Jujuy
FILECOPY C:/Tcl86/lib/tcl8.6/tzdata/America/Argentina/La_Rioja
FILECOPY C:/Tcl86/lib/tcl8.6/tzdata/America/Argentina/Mendoza
FILECOPY C:/Tcl86/lib/tcl8.6/tzdata/America/Argentina/Rio_Gallegos
FILECOPY C:/Tcl86/lib/tcl8.6/tzdata/America/Argentina/Salta
FILECOPY C:/Tcl86/lib/tcl8.6/tzdata/America/Argentina/San_Juan
FILECOPY C:/Tcl86/lib/tcl8.6/tzdata/America/Argentina/San_Luis
FILECOPY C:/Tcl86/lib/tcl8.6/tzdata/America/Argentina/Tucuman
FILECOPY C:/Tcl86/lib/tcl8.6/tzdata/America/Argentina/Ushuaia
MKDIR C:/Tcl86/lib/tcl8.6/tzdata/America/Indiana
FILECOPY C:/Tcl86/lib/tcl8.6/tzdata/America/Indiana/Indianapolis
FILECOPY C:/Tcl86/lib/tcl8.6/tzdata/America/Indiana/Knox
FILECOPY C:/Tcl86/lib/tcl8.6/tzdata/America/Indiana/Marengo
FILECOPY C:/Tcl86/lib/tcl8.6/tzdata/America/Indiana/Petersburg
FILECOPY C:/Tcl86/lib/tcl8.6/tzdata/America/Indiana/Tell_City
FILECOPY C:/Tcl86/lib/tcl8.6/tzdata/America/Indiana/Vevay
FILECOPY C:/Tcl86/lib/tcl8.6/tzdata/America/Indiana/Vincennes
FILECOPY C:/Tcl86/lib/tcl8.6/tzdata/America/Indiana/Winamac
MKDIR C:/Tcl86/lib/tcl8.6/tzdata/America/Kentucky
FILECOPY C:/Tcl86/lib/tcl8.6/tzdata/America/Kentucky/Louisville
FILECOPY C:/Tcl86/lib/tcl8.6/tzdata/America/Kentucky/Monticello
MKDIR C:/Tcl86/lib/tcl8.6/tzdata/America/North_Dakota
FILECOPY C:/Tcl86/lib/tcl8.6/tzdata/America/North_Dakota/Beulah
FILECOPY C:/Tcl86/lib/tcl8.6/tzdata/America/North_Dakota/Center
FILECOPY C:/Tcl86/lib/tcl8.6/tzdata/America/North_Dakota/New_Salem
MKDIR C:/Tcl86/lib/tcl8.6/tzdata/Antarctica
FILECOPY C:/Tcl86/lib/tcl8.6/tzdata/Antarctica/Casey
FILECOPY C:/Tcl86/lib/tcl8.6/tzdata/Antarctica/Davis
FILECOPY C:/Tcl86/lib/tcl8.6/tzdata/Antarctica/DumontDUrville
FILECOPY C:/Tcl86/lib/tcl8.6/tzdata/Antarctica/Macquarie
FILECOPY C:/Tcl86/lib/tcl8.6/tzdata/Antarctica/Mawson
FILECOPY C:/Tcl86/lib/tcl8.6/tzdata/Antarctica/McMurdo
FILECOPY C:/Tcl86/lib/tcl8.6/tzdata/Antarctica/Palmer
FILECOPY C:/Tcl86/lib/tcl8.6/tzdata/Antarctica/Rothera
FILECOPY C:/Tcl86/lib/tcl8.6/tzdata/Antarctica/South_Pole
FILECOPY C:/Tcl86/lib/tcl8.6/tzdata/Antarctica/Syowa
FILECOPY C:/Tcl86/lib/tcl8.6/tzdata/Antarctica/Vostok
MKDIR C:/Tcl86/lib/tcl8.6/tzdata/Arctic
FILECOPY C:/Tcl86/lib/tcl8.6/tzdata/Arctic/Longyearbyen
MKDIR C:/Tcl86/lib/tcl8.6/tzdata/Asia
FILECOPY C:/Tcl86/lib/tcl8.6/tzdata/Asia/Aden
FILECOPY C:/Tcl86/lib/tcl8.6/tzdata/Asia/Almaty
FILECOPY C:/Tcl86/lib/tcl8.6/tzdata/Asia/Amman
FILECOPY C:/Tcl86/lib/tcl8.6/tzdata/Asia/Anadyr
FILECOPY C:/Tcl86/lib/tcl8.6/tzdata/Asia/Aqtau
FILECOPY C:/Tcl86/lib/tcl8.6/tzdata/Asia/Aqtobe
FILECOPY C:/Tcl86/lib/tcl8.6/tzdata/Asia/Ashgabat
FILECOPY C:/Tcl86/lib/tcl8.6/tzdata/Asia/Ashkhabad
FILECOPY C:/Tcl86/lib/tcl8.6/tzdata/Asia/Baghdad
FILECOPY C:/Tcl86/lib/tcl8.6/tzdata/Asia/Bahrain
FILECOPY C:/Tcl86/lib/tcl8.6/tzdata/Asia/Baku
FILECOPY C:/Tcl86/lib/tcl8.6/tzdata/Asia/Bangkok
FILECOPY C:/Tcl86/lib/tcl8.6/tzdata/Asia/Beirut
FILECOPY C:/Tcl86/lib/tcl8.6/tzdata/Asia/Bishkek
FILECOPY C:/Tcl86/lib/tcl8.6/tzdata/Asia/Brunei
FILECOPY C:/Tcl86/lib/tcl8.6/tzdata/Asia/Calcutta
FILECOPY C:/Tcl86/lib/tcl8.6/tzdata/Asia/Choibalsan
FILECOPY C:/Tcl86/lib/tcl8.6/tzdata/Asia/Chongqing
FILECOPY C:/Tcl86/lib/tcl8.6/tzdata/Asia/Chungking
FILECOPY C:/Tcl86/lib/tcl8.6/tzdata/Asia/Colombo
FILECOPY C:/Tcl86/lib/tcl8.6/tzdata/Asia/Dacca
FILECOPY C:/Tcl86/lib/tcl8.6/tzdata/Asia/Damascus
FILECOPY C:/Tcl86/lib/tcl8.6/tzdata/Asia/Dhaka
FILECOPY C:/Tcl86/lib/tcl8.6/tzdata/Asia/Dili
FILECOPY C:/Tcl86/lib/tcl8.6/tzdata/Asia/Dubai
FILECOPY C:/Tcl86/lib/tcl8.6/tzdata/Asia/Dushanbe
FILECOPY C:/Tcl86/lib/tcl8.6/tzdata/Asia/Gaza
FILECOPY C:/Tcl86/lib/tcl8.6/tzdata/Asia/Harbin
FILECOPY C:/Tcl86/lib/tcl8.6/tzdata/Asia/Hebron
FILECOPY C:/Tcl86/lib/tcl8.6/tzdata/Asia/Ho_Chi_Minh
FILECOPY C:/Tcl86/lib/tcl8.6/tzdata/Asia/Hong_Kong
FILECOPY C:/Tcl86/lib/tcl8.6/tzdata/Asia/Hovd
FILECOPY C:/Tcl86/lib/tcl8.6/tzdata/Asia/Irkutsk
FILECOPY C:/Tcl86/lib/tcl8.6/tzdata/Asia/Istanbul
FILECOPY C:/Tcl86/lib/tcl8.6/tzdata/Asia/Jakarta
FILECOPY C:/Tcl86/lib/tcl8.6/tzdata/Asia/Jayapura
FILECOPY C:/Tcl86/lib/tcl8.6/tzdata/Asia/Jerusalem
FILECOPY C:/Tcl86/lib/tcl8.6/tzdata/Asia/Kabul
FILECOPY C:/Tcl86/lib/tcl8.6/tzdata/Asia/Kamchatka
FILECOPY C:/Tcl86/lib/tcl8.6/tzdata/Asia/Karachi
FILECOPY C:/Tcl86/lib/tcl8.6/tzdata/Asia/Kashgar
FILECOPY C:/Tcl86/lib/tcl8.6/tzdata/Asia/Kathmandu
FILECOPY C:/Tcl86/lib/tcl8.6/tzdata/Asia/Katmandu
FILECOPY C:/Tcl86/lib/tcl8.6/tzdata/Asia/Kolkata
FILECOPY C:/Tcl86/lib/tcl8.6/tzdata/Asia/Krasnoyarsk
FILECOPY C:/Tcl86/lib/tcl8.6/tzdata/Asia/Kuala_Lumpur
FILECOPY C:/Tcl86/lib/tcl8.6/tzdata/Asia/Kuching
FILECOPY C:/Tcl86/lib/tcl8.6/tzdata/Asia/Kuwait
FILECOPY C:/Tcl86/lib/tcl8.6/tzdata/Asia/Macao
FILECOPY C:/Tcl86/lib/tcl8.6/tzdata/Asia/Macau
FILECOPY C:/Tcl86/lib/tcl8.6/tzdata/Asia/Magadan
FILECOPY C:/Tcl86/lib/tcl8.6/tzdata/Asia/Makassar
FILECOPY C:/Tcl86/lib/tcl8.6/tzdata/Asia/Manila
FILECOPY C:/Tcl86/lib/tcl8.6/tzdata/Asia/Muscat
FILECOPY C:/Tcl86/lib/tcl8.6/tzdata/Asia/Nicosia
FILECOPY C:/Tcl86/lib/tcl8.6/tzdata/Asia/Novokuznetsk
FILECOPY C:/Tcl86/lib/tcl8.6/tzdata/Asia/Novosibirsk
FILECOPY C:/Tcl86/lib/tcl8.6/tzdata/Asia/Omsk
FILECOPY C:/Tcl86/lib/tcl8.6/tzdata/Asia/Oral
FILECOPY C:/Tcl86/lib/tcl8.6/tzdata/Asia/Phnom_Penh
FILECOPY C:/Tcl86/lib/tcl8.6/tzdata/Asia/Pontianak
FILECOPY C:/Tcl86/lib/tcl8.6/tzdata/Asia/Pyongyang
FILECOPY C:/Tcl86/lib/tcl8.6/tzdata/Asia/Qatar
FILECOPY C:/Tcl86/lib/tcl8.6/tzdata/Asia/Qyzylorda
FILECOPY C:/Tcl86/lib/tcl8.6/tzdata/Asia/Rangoon
FILECOPY C:/Tcl86/lib/tcl8.6/tzdata/Asia/Riyadh
FILECOPY C:/Tcl86/lib/tcl8.6/tzdata/Asia/Saigon
FILECOPY C:/Tcl86/lib/tcl8.6/tzdata/Asia/Sakhalin
FILECOPY C:/Tcl86/lib/tcl8.6/tzdata/Asia/Samarkand
FILECOPY C:/Tcl86/lib/tcl8.6/tzdata/Asia/Seoul
FILECOPY C:/Tcl86/lib/tcl8.6/tzdata/Asia/Shanghai
FILECOPY C:/Tcl86/lib/tcl8.6/tzdata/Asia/Singapore
FILECOPY C:/Tcl86/lib/tcl8.6/tzdata/Asia/Taipei
FILECOPY C:/Tcl86/lib/tcl8.6/tzdata/Asia/Tashkent
FILECOPY C:/Tcl86/lib/tcl8.6/tzdata/Asia/Tbilisi
FILECOPY C:/Tcl86/lib/tcl8.6/tzdata/Asia/Tehran
FILECOPY C:/Tcl86/lib/tcl8.6/tzdata/Asia/Tel_Aviv
FILECOPY C:/Tcl86/lib/tcl8.6/tzdata/Asia/Thimbu
FILECOPY C:/Tcl86/lib/tcl8.6/tzdata/Asia/Thimphu
FILECOPY C:/Tcl86/lib/tcl8.6/tzdata/Asia/Tokyo
FILECOPY C:/Tcl86/lib/tcl8.6/tzdata/Asia/Ujung_Pandang
FILECOPY C:/Tcl86/lib/tcl8.6/tzdata/Asia/Ulaanbaatar
FILECOPY C:/Tcl86/lib/tcl8.6/tzdata/Asia/Ulan_Bator
FILECOPY C:/Tcl86/lib/tcl8.6/tzdata/Asia/Urumqi
FILECOPY C:/Tcl86/lib/tcl8.6/tzdata/Asia/Vientiane
FILECOPY C:/Tcl86/lib/tcl8.6/tzdata/Asia/Vladivostok
FILECOPY C:/Tcl86/lib/tcl8.6/tzdata/Asia/Yakutsk
FILECOPY C:/Tcl86/lib/tcl8.6/tzdata/Asia/Yekaterinburg
FILECOPY C:/Tcl86/lib/tcl8.6/tzdata/Asia/Yerevan
MKDIR C:/Tcl86/lib/tcl8.6/tzdata/Atlantic
FILECOPY C:/Tcl86/lib/tcl8.6/tzdata/Atlantic/Azores
FILECOPY C:/Tcl86/lib/tcl8.6/tzdata/Atlantic/Bermuda
FILECOPY C:/Tcl86/lib/tcl8.6/tzdata/Atlantic/Canary
FILECOPY C:/Tcl86/lib/tcl8.6/tzdata/Atlantic/Cape_Verde
FILECOPY C:/Tcl86/lib/tcl8.6/tzdata/Atlantic/Faeroe
FILECOPY C:/Tcl86/lib/tcl8.6/tzdata/Atlantic/Faroe
FILECOPY C:/Tcl86/lib/tcl8.6/tzdata/Atlantic/Jan_Mayen
FILECOPY C:/Tcl86/lib/tcl8.6/tzdata/Atlantic/Madeira
FILECOPY C:/Tcl86/lib/tcl8.6/tzdata/Atlantic/Reykjavik
FILECOPY C:/Tcl86/lib/tcl8.6/tzdata/Atlantic/South_Georgia
FILECOPY C:/Tcl86/lib/tcl8.6/tzdata/Atlantic/St_Helena
FILECOPY C:/Tcl86/lib/tcl8.6/tzdata/Atlantic/Stanley
MKDIR C:/Tcl86/lib/tcl8.6/tzdata/Australia
FILECOPY C:/Tcl86/lib/tcl8.6/tzdata/Australia/ACT
FILECOPY C:/Tcl86/lib/tcl8.6/tzdata/Australia/Adelaide
FILECOPY C:/Tcl86/lib/tcl8.6/tzdata/Australia/Brisbane
FILECOPY C:/Tcl86/lib/tcl8.6/tzdata/Australia/Broken_Hill
FILECOPY C:/Tcl86/lib/tcl8.6/tzdata/Australia/Canberra
FILECOPY C:/Tcl86/lib/tcl8.6/tzdata/Australia/Currie
FILECOPY C:/Tcl86/lib/tcl8.6/tzdata/Australia/Darwin
FILECOPY C:/Tcl86/lib/tcl8.6/tzdata/Australia/Eucla
FILECOPY C:/Tcl86/lib/tcl8.6/tzdata/Australia/Hobart
FILECOPY C:/Tcl86/lib/tcl8.6/tzdata/Australia/LHI
FILECOPY C:/Tcl86/lib/tcl8.6/tzdata/Australia/Lindeman
FILECOPY C:/Tcl86/lib/tcl8.6/tzdata/Australia/Lord_Howe
FILECOPY C:/Tcl86/lib/tcl8.6/tzdata/Australia/Melbourne
FILECOPY C:/Tcl86/lib/tcl8.6/tzdata/Australia/NSW
FILECOPY C:/Tcl86/lib/tcl8.6/tzdata/Australia/North
FILECOPY C:/Tcl86/lib/tcl8.6/tzdata/Australia/Perth
FILECOPY C:/Tcl86/lib/tcl8.6/tzdata/Australia/Queensland
FILECOPY C:/Tcl86/lib/tcl8.6/tzdata/Australia/South
FILECOPY C:/Tcl86/lib/tcl8.6/tzdata/Australia/Sydney
FILECOPY C:/Tcl86/lib/tcl8.6/tzdata/Australia/Tasmania
FILECOPY C:/Tcl86/lib/tcl8.6/tzdata/Australia/Victoria
FILECOPY C:/Tcl86/lib/tcl8.6/tzdata/Australia/West
FILECOPY C:/Tcl86/lib/tcl8.6/tzdata/Australia/Yancowinna
MKDIR C:/Tcl86/lib/tcl8.6/tzdata/Brazil
FILECOPY C:/Tcl86/lib/tcl8.6/tzdata/Brazil/Acre
FILECOPY C:/Tcl86/lib/tcl8.6/tzdata/Brazil/DeNoronha
FILECOPY C:/Tcl86/lib/tcl8.6/tzdata/Brazil/East
FILECOPY C:/Tcl86/lib/tcl8.6/tzdata/Brazil/West
MKDIR C:/Tcl86/lib/tcl8.6/tzdata/Canada
FILECOPY C:/Tcl86/lib/tcl8.6/tzdata/Canada/Atlantic
FILECOPY C:/Tcl86/lib/tcl8.6/tzdata/Canada/Central
FILECOPY C:/Tcl86/lib/tcl8.6/tzdata/Canada/East-Saskatchewan
FILECOPY C:/Tcl86/lib/tcl8.6/tzdata/Canada/Eastern
FILECOPY C:/Tcl86/lib/tcl8.6/tzdata/Canada/Mountain
FILECOPY C:/Tcl86/lib/tcl8.6/tzdata/Canada/Newfoundland
FILECOPY C:/Tcl86/lib/tcl8.6/tzdata/Canada/Pacific
FILECOPY C:/Tcl86/lib/tcl8.6/tzdata/Canada/Saskatchewan
FILECOPY C:/Tcl86/lib/tcl8.6/tzdata/Canada/Yukon
MKDIR C:/Tcl86/lib/tcl8.6/tzdata/Chile
FILECOPY C:/Tcl86/lib/tcl8.6/tzdata/Chile/Continental
FILECOPY C:/Tcl86/lib/tcl8.6/tzdata/Chile/EasterIsland
MKDIR C:/Tcl86/lib/tcl8.6/tzdata/Etc
FILECOPY C:/Tcl86/lib/tcl8.6/tzdata/Etc/GMT
FILECOPY C:/Tcl86/lib/tcl8.6/tzdata/Etc/GMT+0
FILECOPY C:/Tcl86/lib/tcl8.6/tzdata/Etc/GMT+1
FILECOPY C:/Tcl86/lib/tcl8.6/tzdata/Etc/GMT+10
FILECOPY C:/Tcl86/lib/tcl8.6/tzdata/Etc/GMT+11
FILECOPY C:/Tcl86/lib/tcl8.6/tzdata/Etc/GMT+12
FILECOPY C:/Tcl86/lib/tcl8.6/tzdata/Etc/GMT+2
FILECOPY C:/Tcl86/lib/tcl8.6/tzdata/Etc/GMT+3
FILECOPY C:/Tcl86/lib/tcl8.6/tzdata/Etc/GMT+4
FILECOPY C:/Tcl86/lib/tcl8.6/tzdata/Etc/GMT+5
FILECOPY C:/Tcl86/lib/tcl8.6/tzdata/Etc/GMT+6
FILECOPY C:/Tcl86/lib/tcl8.6/tzdata/Etc/GMT+7
FILECOPY C:/Tcl86/lib/tcl8.6/tzdata/Etc/GMT+8
FILECOPY C:/Tcl86/lib/tcl8.6/tzdata/Etc/GMT+9
FILECOPY C:/Tcl86/lib/tcl8.6/tzdata/Etc/GMT-0
FILECOPY C:/Tcl86/lib/tcl8.6/tzdata/Etc/GMT-1
FILECOPY C:/Tcl86/lib/tcl8.6/tzdata/Etc/GMT-10
FILECOPY C:/Tcl86/lib/tcl8.6/tzdata/Etc/GMT-11
FILECOPY C:/Tcl86/lib/tcl8.6/tzdata/Etc/GMT-12
FILECOPY C:/Tcl86/lib/tcl8.6/tzdata/Etc/GMT-13
FILECOPY C:/Tcl86/lib/tcl8.6/tzdata/Etc/GMT-14
FILECOPY C:/Tcl86/lib/tcl8.6/tzdata/Etc/GMT-2
FILECOPY C:/Tcl86/lib/tcl8.6/tzdata/Etc/GMT-3
FILECOPY C:/Tcl86/lib/tcl8.6/tzdata/Etc/GMT-4
FILECOPY C:/Tcl86/lib/tcl8.6/tzdata/Etc/GMT-5
FILECOPY C:/Tcl86/lib/tcl8.6/tzdata/Etc/GMT-6
FILECOPY C:/Tcl86/lib/tcl8.6/tzdata/Etc/GMT-7
FILECOPY C:/Tcl86/lib/tcl8.6/tzdata/Etc/GMT-8
FILECOPY C:/Tcl86/lib/tcl8.6/tzdata/Etc/GMT-9
FILECOPY C:/Tcl86/lib/tcl8.6/tzdata/Etc/GMT0
FILECOPY C:/Tcl86/lib/tcl8.6/tzdata/Etc/Greenwich
FILECOPY C:/Tcl86/lib/tcl8.6/tzdata/Etc/UCT
FILECOPY C:/Tcl86/lib/tcl8.6/tzdata/Etc/UTC
FILECOPY C:/Tcl86/lib/tcl8.6/tzdata/Etc/Universal
FILECOPY C:/Tcl86/lib/tcl8.6/tzdata/Etc/Zulu
MKDIR C:/Tcl86/lib/tcl8.6/tzdata/Europe
FILECOPY C:/Tcl86/lib/tcl8.6/tzdata/Europe/Amsterdam
FILECOPY C:/Tcl86/lib/tcl8.6/tzdata/Europe/Andorra
FILECOPY C:/Tcl86/lib/tcl8.6/tzdata/Europe/Athens
FILECOPY C:/Tcl86/lib/tcl8.6/tzdata/Europe/Belfast
FILECOPY C:/Tcl86/lib/tcl8.6/tzdata/Europe/Belgrade
FILECOPY C:/Tcl86/lib/tcl8.6/tzdata/Europe/Berlin
FILECOPY C:/Tcl86/lib/tcl8.6/tzdata/Europe/Bratislava
FILECOPY C:/Tcl86/lib/tcl8.6/tzdata/Europe/Brussels
FILECOPY C:/Tcl86/lib/tcl8.6/tzdata/Europe/Bucharest
FILECOPY C:/Tcl86/lib/tcl8.6/tzdata/Europe/Budapest
FILECOPY C:/Tcl86/lib/tcl8.6/tzdata/Europe/Chisinau
FILECOPY C:/Tcl86/lib/tcl8.6/tzdata/Europe/Copenhagen
FILECOPY C:/Tcl86/lib/tcl8.6/tzdata/Europe/Dublin
FILECOPY C:/Tcl86/lib/tcl8.6/tzdata/Europe/Gibraltar
FILECOPY C:/Tcl86/lib/tcl8.6/tzdata/Europe/Guernsey
FILECOPY C:/Tcl86/lib/tcl8.6/tzdata/Europe/Helsinki
FILECOPY C:/Tcl86/lib/tcl8.6/tzdata/Europe/Isle_of_Man
FILECOPY C:/Tcl86/lib/tcl8.6/tzdata/Europe/Istanbul
FILECOPY C:/Tcl86/lib/tcl8.6/tzdata/Europe/Jersey
FILECOPY C:/Tcl86/lib/tcl8.6/tzdata/Europe/Kaliningrad
FILECOPY C:/Tcl86/lib/tcl8.6/tzdata/Europe/Kiev
FILECOPY C:/Tcl86/lib/tcl8.6/tzdata/Europe/Lisbon
FILECOPY C:/Tcl86/lib/tcl8.6/tzdata/Europe/Ljubljana
FILECOPY C:/Tcl86/lib/tcl8.6/tzdata/Europe/London
FILECOPY C:/Tcl86/lib/tcl8.6/tzdata/Europe/Luxembourg
FILECOPY C:/Tcl86/lib/tcl8.6/tzdata/Europe/Madrid
FILECOPY C:/Tcl86/lib/tcl8.6/tzdata/Europe/Malta
FILECOPY C:/Tcl86/lib/tcl8.6/tzdata/Europe/Mariehamn
FILECOPY C:/Tcl86/lib/tcl8.6/tzdata/Europe/Minsk
FILECOPY C:/Tcl86/lib/tcl8.6/tzdata/Europe/Monaco
FILECOPY C:/Tcl86/lib/tcl8.6/tzdata/Europe/Moscow
FILECOPY C:/Tcl86/lib/tcl8.6/tzdata/Europe/Nicosia
FILECOPY C:/Tcl86/lib/tcl8.6/tzdata/Europe/Oslo
FILECOPY C:/Tcl86/lib/tcl8.6/tzdata/Europe/Paris
FILECOPY C:/Tcl86/lib/tcl8.6/tzdata/Europe/Podgorica
FILECOPY C:/Tcl86/lib/tcl8.6/tzdata/Europe/Prague
FILECOPY C:/Tcl86/lib/tcl8.6/tzdata/Europe/Riga
FILECOPY C:/Tcl86/lib/tcl8.6/tzdata/Europe/Rome
FILECOPY C:/Tcl86/lib/tcl8.6/tzdata/Europe/Samara
FILECOPY C:/Tcl86/lib/tcl8.6/tzdata/Europe/San_Marino
FILECOPY C:/Tcl86/lib/tcl8.6/tzdata/Europe/Sarajevo
FILECOPY C:/Tcl86/lib/tcl8.6/tzdata/Europe/Simferopol
FILECOPY C:/Tcl86/lib/tcl8.6/tzdata/Europe/Skopje
FILECOPY C:/Tcl86/lib/tcl8.6/tzdata/Europe/Sofia
FILECOPY C:/Tcl86/lib/tcl8.6/tzdata/Europe/Stockholm
FILECOPY C:/Tcl86/lib/tcl8.6/tzdata/Europe/Tallinn
FILECOPY C:/Tcl86/lib/tcl8.6/tzdata/Europe/Tirane
FILECOPY C:/Tcl86/lib/tcl8.6/tzdata/Europe/Tiraspol
FILECOPY C:/Tcl86/lib/tcl8.6/tzdata/Europe/Uzhgorod
FILECOPY C:/Tcl86/lib/tcl8.6/tzdata/Europe/Vaduz
FILECOPY C:/Tcl86/lib/tcl8.6/tzdata/Europe/Vatican
FILECOPY C:/Tcl86/lib/tcl8.6/tzdata/Europe/Vienna
FILECOPY C:/Tcl86/lib/tcl8.6/tzdata/Europe/Vilnius
FILECOPY C:/Tcl86/lib/tcl8.6/tzdata/Europe/Volgograd
FILECOPY C:/Tcl86/lib/tcl8.6/tzdata/Europe/Warsaw
FILECOPY C:/Tcl86/lib/tcl8.6/tzdata/Europe/Zagreb
FILECOPY C:/Tcl86/lib/tcl8.6/tzdata/Europe/Zaporozhye
FILECOPY C:/Tcl86/lib/tcl8.6/tzdata/Europe/Zurich
MKDIR C:/Tcl86/lib/tcl8.6/tzdata/Indian
FILECOPY C:/Tcl86/lib/tcl8.6/tzdata/Indian/Antananarivo
FILECOPY C:/Tcl86/lib/tcl8.6/tzdata/Indian/Chagos
FILECOPY C:/Tcl86/lib/tcl8.6/tzdata/Indian/Christmas
FILECOPY C:/Tcl86/lib/tcl8.6/tzdata/Indian/Cocos
FILECOPY C:/Tcl86/lib/tcl8.6/tzdata/Indian/Comoro
FILECOPY C:/Tcl86/lib/tcl8.6/tzdata/Indian/Kerguelen
FILECOPY C:/Tcl86/lib/tcl8.6/tzdata/Indian/Mahe
FILECOPY C:/Tcl86/lib/tcl8.6/tzdata/Indian/Maldives
FILECOPY C:/Tcl86/lib/tcl8.6/tzdata/Indian/Mauritius
FILECOPY C:/Tcl86/lib/tcl8.6/tzdata/Indian/Mayotte
FILECOPY C:/Tcl86/lib/tcl8.6/tzdata/Indian/Reunion
MKDIR C:/Tcl86/lib/tcl8.6/tzdata/Mexico
FILECOPY C:/Tcl86/lib/tcl8.6/tzdata/Mexico/BajaNorte
FILECOPY C:/Tcl86/lib/tcl8.6/tzdata/Mexico/BajaSur
FILECOPY C:/Tcl86/lib/tcl8.6/tzdata/Mexico/General
MKDIR C:/Tcl86/lib/tcl8.6/tzdata/Pacific
FILECOPY C:/Tcl86/lib/tcl8.6/tzdata/Pacific/Apia
FILECOPY C:/Tcl86/lib/tcl8.6/tzdata/Pacific/Auckland
FILECOPY C:/Tcl86/lib/tcl8.6/tzdata/Pacific/Chatham
FILECOPY C:/Tcl86/lib/tcl8.6/tzdata/Pacific/Chuuk
FILECOPY C:/Tcl86/lib/tcl8.6/tzdata/Pacific/Easter
FILECOPY C:/Tcl86/lib/tcl8.6/tzdata/Pacific/Efate
FILECOPY C:/Tcl86/lib/tcl8.6/tzdata/Pacific/Enderbury
FILECOPY C:/Tcl86/lib/tcl8.6/tzdata/Pacific/Fakaofo
FILECOPY C:/Tcl86/lib/tcl8.6/tzdata/Pacific/Fiji
FILECOPY C:/Tcl86/lib/tcl8.6/tzdata/Pacific/Funafuti
FILECOPY C:/Tcl86/lib/tcl8.6/tzdata/Pacific/Galapagos
FILECOPY C:/Tcl86/lib/tcl8.6/tzdata/Pacific/Gambier
FILECOPY C:/Tcl86/lib/tcl8.6/tzdata/Pacific/Guadalcanal
FILECOPY C:/Tcl86/lib/tcl8.6/tzdata/Pacific/Guam
FILECOPY C:/Tcl86/lib/tcl8.6/tzdata/Pacific/Honolulu
FILECOPY C:/Tcl86/lib/tcl8.6/tzdata/Pacific/Johnston
FILECOPY C:/Tcl86/lib/tcl8.6/tzdata/Pacific/Kiritimati
FILECOPY C:/Tcl86/lib/tcl8.6/tzdata/Pacific/Kosrae
FILECOPY C:/Tcl86/lib/tcl8.6/tzdata/Pacific/Kwajalein
FILECOPY C:/Tcl86/lib/tcl8.6/tzdata/Pacific/Majuro
FILECOPY C:/Tcl86/lib/tcl8.6/tzdata/Pacific/Marquesas
FILECOPY C:/Tcl86/lib/tcl8.6/tzdata/Pacific/Midway
FILECOPY C:/Tcl86/lib/tcl8.6/tzdata/Pacific/Nauru
FILECOPY C:/Tcl86/lib/tcl8.6/tzdata/Pacific/Niue
FILECOPY C:/Tcl86/lib/tcl8.6/tzdata/Pacific/Norfolk
FILECOPY C:/Tcl86/lib/tcl8.6/tzdata/Pacific/Noumea
FILECOPY C:/Tcl86/lib/tcl8.6/tzdata/Pacific/Pago_Pago
FILECOPY C:/Tcl86/lib/tcl8.6/tzdata/Pacific/Palau
FILECOPY C:/Tcl86/lib/tcl8.6/tzdata/Pacific/Pitcairn
FILECOPY C:/Tcl86/lib/tcl8.6/tzdata/Pacific/Pohnpei
FILECOPY C:/Tcl86/lib/tcl8.6/tzdata/Pacific/Ponape
FILECOPY C:/Tcl86/lib/tcl8.6/tzdata/Pacific/Port_Moresby
FILECOPY C:/Tcl86/lib/tcl8.6/tzdata/Pacific/Rarotonga
FILECOPY C:/Tcl86/lib/tcl8.6/tzdata/Pacific/Saipan
FILECOPY C:/Tcl86/lib/tcl8.6/tzdata/Pacific/Samoa
FILECOPY C:/Tcl86/lib/tcl8.6/tzdata/Pacific/Tahiti
FILECOPY C:/Tcl86/lib/tcl8.6/tzdata/Pacific/Tarawa
FILECOPY C:/Tcl86/lib/tcl8.6/tzdata/Pacific/Tongatapu
FILECOPY C:/Tcl86/lib/tcl8.6/tzdata/Pacific/Truk
FILECOPY C:/Tcl86/lib/tcl8.6/tzdata/Pacific/Wake
FILECOPY C:/Tcl86/lib/tcl8.6/tzdata/Pacific/Wallis
FILECOPY C:/Tcl86/lib/tcl8.6/tzdata/Pacific/Yap
MKDIR C:/Tcl86/lib/tcl8.6/tzdata/SystemV
FILECOPY C:/Tcl86/lib/tcl8.6/tzdata/SystemV/AST4
FILECOPY C:/Tcl86/lib/tcl8.6/tzdata/SystemV/AST4ADT
FILECOPY C:/Tcl86/lib/tcl8.6/tzdata/SystemV/CST6
FILECOPY C:/Tcl86/lib/tcl8.6/tzdata/SystemV/CST6CDT
FILECOPY C:/Tcl86/lib/tcl8.6/tzdata/SystemV/EST5
FILECOPY C:/Tcl86/lib/tcl8.6/tzdata/SystemV/EST5EDT
FILECOPY C:/Tcl86/lib/tcl8.6/tzdata/SystemV/HST10
FILECOPY C:/Tcl86/lib/tcl8.6/tzdata/SystemV/MST7
FILECOPY C:/Tcl86/lib/tcl8.6/tzdata/SystemV/MST7MDT
FILECOPY C:/Tcl86/lib/tcl8.6/tzdata/SystemV/PST8
FILECOPY C:/Tcl86/lib/tcl8.6/tzdata/SystemV/PST8PDT
FILECOPY C:/Tcl86/lib/tcl8.6/tzdata/SystemV/YST9
FILECOPY C:/Tcl86/lib/tcl8.6/tzdata/SystemV/YST9YDT
MKDIR C:/Tcl86/lib/tcl8.6/tzdata/US
FILECOPY C:/Tcl86/lib/tcl8.6/tzdata/US/Alaska
FILECOPY C:/Tcl86/lib/tcl8.6/tzdata/US/Aleutian
FILECOPY C:/Tcl86/lib/tcl8.6/tzdata/US/Arizona
FILECOPY C:/Tcl86/lib/tcl8.6/tzdata/US/Central
FILECOPY C:/Tcl86/lib/tcl8.6/tzdata/US/East-Indiana
FILECOPY C:/Tcl86/lib/tcl8.6/tzdata/US/Eastern
FILECOPY C:/Tcl86/lib/tcl8.6/tzdata/US/Hawaii
FILECOPY C:/Tcl86/lib/tcl8.6/tzdata/US/Indiana-Starke
FILECOPY C:/Tcl86/lib/tcl8.6/tzdata/US/Michigan
FILECOPY C:/Tcl86/lib/tcl8.6/tzdata/US/Mountain
FILECOPY C:/Tcl86/lib/tcl8.6/tzdata/US/Pacific
FILECOPY C:/Tcl86/lib/tcl8.6/tzdata/US/Pacific-New
FILECOPY C:/Tcl86/lib/tcl8.6/tzdata/US/Samoa
MKDIR C:/Tcl86/lib/tdbc1.0b17
FILECOPY C:/Tcl86/lib/tdbc1.0b17/pkgIndex.tcl
FILECOPY C:/Tcl86/lib/tdbc1.0b17/tdbc.tcl
FILECOPY C:/Tcl86/lib/tdbc1.0b17/tdbc1.0b17.tap
FILECOPY C:/Tcl86/lib/tdbc1.0b17/tdbc10b17.dll
MKDIR C:/Tcl86/lib/teapot
FILECOPY C:/Tcl86/lib/teapot/INDEX
FILECOPY C:/Tcl86/lib/teapot/INSTALLLOG
FILECOPY C:/Tcl86/lib/teapot/teapot.local-ma.config
MKDIR C:/Tcl86/lib/teapot/package
MKDIR C:/Tcl86/lib/teapot/package/tcl
MKDIR C:/Tcl86/lib/teapot/package/tcl/lib
FILECOPY C:/Tcl86/lib/teapot/package/tcl/lib/pkgIndex.tcl
MKDIR C:/Tcl86/lib/teapot/package/tcl/lib/BWidget1.9.6
FILECOPY C:/Tcl86/lib/teapot/package/tcl/lib/BWidget1.9.6/arrow.tcl
FILECOPY C:/Tcl86/lib/teapot/package/tcl/lib/BWidget1.9.6/bitmap.tcl
FILECOPY C:/Tcl86/lib/teapot/package/tcl/lib/BWidget1.9.6/button.tcl
FILECOPY C:/Tcl86/lib/teapot/package/tcl/lib/BWidget1.9.6/buttonbox.tcl
FILECOPY C:/Tcl86/lib/teapot/package/tcl/lib/BWidget1.9.6/color.tcl
FILECOPY C:/Tcl86/lib/teapot/package/tcl/lib/BWidget1.9.6/combobox.tcl
FILECOPY C:/Tcl86/lib/teapot/package/tcl/lib/BWidget1.9.6/dialog.tcl
FILECOPY C:/Tcl86/lib/teapot/package/tcl/lib/BWidget1.9.6/dragsite.tcl
FILECOPY C:/Tcl86/lib/teapot/package/tcl/lib/BWidget1.9.6/dropsite.tcl
FILECOPY C:/Tcl86/lib/teapot/package/tcl/lib/BWidget1.9.6/dynhelp.tcl
FILECOPY C:/Tcl86/lib/teapot/package/tcl/lib/BWidget1.9.6/entry.tcl
FILECOPY C:/Tcl86/lib/teapot/package/tcl/lib/BWidget1.9.6/font.tcl
FILECOPY C:/Tcl86/lib/teapot/package/tcl/lib/BWidget1.9.6/init.tcl
FILECOPY C:/Tcl86/lib/teapot/package/tcl/lib/BWidget1.9.6/label.tcl
FILECOPY C:/Tcl86/lib/teapot/package/tcl/lib/BWidget1.9.6/labelentry.tcl
FILECOPY C:/Tcl86/lib/teapot/package/tcl/lib/BWidget1.9.6/labelframe.tcl
FILECOPY C:/Tcl86/lib/teapot/package/tcl/lib/BWidget1.9.6/listbox.tcl
FILECOPY C:/Tcl86/lib/teapot/package/tcl/lib/BWidget1.9.6/mainframe.tcl
FILECOPY C:/Tcl86/lib/teapot/package/tcl/lib/BWidget1.9.6/messagedlg.tcl
FILECOPY C:/Tcl86/lib/teapot/package/tcl/lib/BWidget1.9.6/notebook.tcl
FILECOPY C:/Tcl86/lib/teapot/package/tcl/lib/BWidget1.9.6/pagesmgr.tcl
FILECOPY C:/Tcl86/lib/teapot/package/tcl/lib/BWidget1.9.6/panedw.tcl
FILECOPY C:/Tcl86/lib/teapot/package/tcl/lib/BWidget1.9.6/panelframe.tcl
FILECOPY C:/Tcl86/lib/teapot/package/tcl/lib/BWidget1.9.6/passwddlg.tcl
FILECOPY C:/Tcl86/lib/teapot/package/tcl/lib/BWidget1.9.6/pkgIndex.tcl
FILECOPY C:/Tcl86/lib/teapot/package/tcl/lib/BWidget1.9.6/progressbar.tcl
FILECOPY C:/Tcl86/lib/teapot/package/tcl/lib/BWidget1.9.6/progressdlg.tcl
FILECOPY C:/Tcl86/lib/teapot/package/tcl/lib/BWidget1.9.6/scrollframe.tcl
FILECOPY C:/Tcl86/lib/teapot/package/tcl/lib/BWidget1.9.6/scrollview.tcl
FILECOPY C:/Tcl86/lib/teapot/package/tcl/lib/BWidget1.9.6/scrollw.tcl
FILECOPY C:/Tcl86/lib/teapot/package/tcl/lib/BWidget1.9.6/separator.tcl
FILECOPY C:/Tcl86/lib/teapot/package/tcl/lib/BWidget1.9.6/spinbox.tcl
FILECOPY C:/Tcl86/lib/teapot/package/tcl/lib/BWidget1.9.6/statusbar.tcl
FILECOPY C:/Tcl86/lib/teapot/package/tcl/lib/BWidget1.9.6/titleframe.tcl
FILECOPY C:/Tcl86/lib/teapot/package/tcl/lib/BWidget1.9.6/tree.tcl
FILECOPY C:/Tcl86/lib/teapot/package/tcl/lib/BWidget1.9.6/utils.tcl
FILECOPY C:/Tcl86/lib/teapot/package/tcl/lib/BWidget1.9.6/widget.tcl
FILECOPY C:/Tcl86/lib/teapot/package/tcl/lib/BWidget1.9.6/wizard.tcl
FILECOPY C:/Tcl86/lib/teapot/package/tcl/lib/BWidget1.9.6/xpm2image.tcl
MKDIR C:/Tcl86/lib/teapot/package/tcl/lib/BWidget1.9.6/images
FILECOPY C:/Tcl86/lib/teapot/package/tcl/lib/BWidget1.9.6/images/bold.gif
FILECOPY C:/Tcl86/lib/teapot/package/tcl/lib/BWidget1.9.6/images/copy.gif
FILECOPY C:/Tcl86/lib/teapot/package/tcl/lib/BWidget1.9.6/images/cut.gif
FILECOPY C:/Tcl86/lib/teapot/package/tcl/lib/BWidget1.9.6/images/dragfile.gif
FILECOPY C:/Tcl86/lib/teapot/package/tcl/lib/BWidget1.9.6/images/dragicon.gif
FILECOPY C:/Tcl86/lib/teapot/package/tcl/lib/BWidget1.9.6/images/error.gif
FILECOPY C:/Tcl86/lib/teapot/package/tcl/lib/BWidget1.9.6/images/file.gif
FILECOPY C:/Tcl86/lib/teapot/package/tcl/lib/BWidget1.9.6/images/folder.gif
FILECOPY C:/Tcl86/lib/teapot/package/tcl/lib/BWidget1.9.6/images/hourglass.gif
FILECOPY C:/Tcl86/lib/teapot/package/tcl/lib/BWidget1.9.6/images/info.gif
FILECOPY C:/Tcl86/lib/teapot/package/tcl/lib/BWidget1.9.6/images/italic.gif
FILECOPY C:/Tcl86/lib/teapot/package/tcl/lib/BWidget1.9.6/images/minus.xbm
FILECOPY C:/Tcl86/lib/teapot/package/tcl/lib/BWidget1.9.6/images/new.gif
FILECOPY C:/Tcl86/lib/teapot/package/tcl/lib/BWidget1.9.6/images/opcopy.xbm
FILECOPY C:/Tcl86/lib/teapot/package/tcl/lib/BWidget1.9.6/images/open.gif
FILECOPY C:/Tcl86/lib/teapot/package/tcl/lib/BWidget1.9.6/images/openfold.gif
FILECOPY C:/Tcl86/lib/teapot/package/tcl/lib/BWidget1.9.6/images/oplink.xbm
FILECOPY C:/Tcl86/lib/teapot/package/tcl/lib/BWidget1.9.6/images/opmove.xbm
FILECOPY C:/Tcl86/lib/teapot/package/tcl/lib/BWidget1.9.6/images/overstrike.gif
FILECOPY C:/Tcl86/lib/teapot/package/tcl/lib/BWidget1.9.6/images/palette.gif
FILECOPY C:/Tcl86/lib/teapot/package/tcl/lib/BWidget1.9.6/images/passwd.gif
FILECOPY C:/Tcl86/lib/teapot/package/tcl/lib/BWidget1.9.6/images/paste.gif
FILECOPY C:/Tcl86/lib/teapot/package/tcl/lib/BWidget1.9.6/images/plus.xbm
FILECOPY C:/Tcl86/lib/teapot/package/tcl/lib/BWidget1.9.6/images/print.gif
FILECOPY C:/Tcl86/lib/teapot/package/tcl/lib/BWidget1.9.6/images/question.gif
FILECOPY C:/Tcl86/lib/teapot/package/tcl/lib/BWidget1.9.6/images/redo.gif
FILECOPY C:/Tcl86/lib/teapot/package/tcl/lib/BWidget1.9.6/images/save.gif
FILECOPY C:/Tcl86/lib/teapot/package/tcl/lib/BWidget1.9.6/images/target.xbm
FILECOPY C:/Tcl86/lib/teapot/package/tcl/lib/BWidget1.9.6/images/underline.gif
FILECOPY C:/Tcl86/lib/teapot/package/tcl/lib/BWidget1.9.6/images/undo.gif
FILECOPY C:/Tcl86/lib/teapot/package/tcl/lib/BWidget1.9.6/images/warning.gif
MKDIR C:/Tcl86/lib/teapot/package/tcl/lib/BWidget1.9.6/lang
FILECOPY C:/Tcl86/lib/teapot/package/tcl/lib/BWidget1.9.6/lang/da.rc
FILECOPY C:/Tcl86/lib/teapot/package/tcl/lib/BWidget1.9.6/lang/de.rc
FILECOPY C:/Tcl86/lib/teapot/package/tcl/lib/BWidget1.9.6/lang/en.rc
FILECOPY C:/Tcl86/lib/teapot/package/tcl/lib/BWidget1.9.6/lang/es.rc
FILECOPY C:/Tcl86/lib/teapot/package/tcl/lib/BWidget1.9.6/lang/fr.rc
FILECOPY C:/Tcl86/lib/teapot/package/tcl/lib/BWidget1.9.6/lang/hu.rc
FILECOPY C:/Tcl86/lib/teapot/package/tcl/lib/BWidget1.9.6/lang/nl.rc
FILECOPY C:/Tcl86/lib/teapot/package/tcl/lib/BWidget1.9.6/lang/no.rc
FILECOPY C:/Tcl86/lib/teapot/package/tcl/lib/BWidget1.9.6/lang/pl.rc
MKDIR C:/Tcl86/lib/teapot/package/tcl/lib/snit2.3.2
FILECOPY C:/Tcl86/lib/teapot/package/tcl/lib/snit2.3.2/main2.tcl
FILECOPY C:/Tcl86/lib/teapot/package/tcl/lib/snit2.3.2/pkgIndex.tcl
FILECOPY C:/Tcl86/lib/teapot/package/tcl/lib/snit2.3.2/snit2.tcl
FILECOPY C:/Tcl86/lib/teapot/package/tcl/lib/snit2.3.2/validate.tcl
MKDIR C:/Tcl86/lib/teapot/package/tcl/lib/struct_graph2.4
FILECOPY C:/Tcl86/lib/teapot/package/tcl/lib/struct_graph2.4/graph.tcl
FILECOPY C:/Tcl86/lib/teapot/package/tcl/lib/struct_graph2.4/graph_tcl.tcl
FILECOPY C:/Tcl86/lib/teapot/package/tcl/lib/struct_graph2.4/pkgIndex.tcl
MKDIR C:/Tcl86/lib/teapot/package/tcl/lib/struct_queue1.4.4
FILECOPY C:/Tcl86/lib/teapot/package/tcl/lib/struct_queue1.4.4/pkgIndex.tcl
FILECOPY C:/Tcl86/lib/teapot/package/tcl/lib/struct_queue1.4.4/queue.tcl
FILECOPY C:/Tcl86/lib/teapot/package/tcl/lib/struct_queue1.4.4/queue_oo.tcl
FILECOPY C:/Tcl86/lib/teapot/package/tcl/lib/struct_queue1.4.4/queue_tcl.tcl
MKDIR C:/Tcl86/lib/teapot/package/tcl/lib/struct_set2.2.3
FILECOPY C:/Tcl86/lib/teapot/package/tcl/lib/struct_set2.2.3/pkgIndex.tcl
FILECOPY C:/Tcl86/lib/teapot/package/tcl/lib/struct_set2.2.3/sets.tcl
FILECOPY C:/Tcl86/lib/teapot/package/tcl/lib/struct_set2.2.3/sets_tcl.tcl
MKDIR C:/Tcl86/lib/teapot/package/tcl/lib/struct_stack1.5.3
FILECOPY C:/Tcl86/lib/teapot/package/tcl/lib/struct_stack1.5.3/pkgIndex.tcl
FILECOPY C:/Tcl86/lib/teapot/package/tcl/lib/struct_stack1.5.3/stack.tcl
FILECOPY C:/Tcl86/lib/teapot/package/tcl/lib/struct_stack1.5.3/stack_oo.tcl
FILECOPY C:/Tcl86/lib/teapot/package/tcl/lib/struct_stack1.5.3/stack_tcl.tcl
MKDIR C:/Tcl86/lib/teapot/package/tcl/lib/struct_tree2.1.2
FILECOPY C:/Tcl86/lib/teapot/package/tcl/lib/struct_tree2.1.2/pkgIndex.tcl
FILECOPY C:/Tcl86/lib/teapot/package/tcl/lib/struct_tree2.1.2/tree.tcl
FILECOPY C:/Tcl86/lib/teapot/package/tcl/lib/struct_tree2.1.2/tree_tcl.tcl
MKDIR C:/Tcl86/lib/teapot/package/tcl/lib/tablelist_common5.7
FILECOPY C:/Tcl86/lib/teapot/package/tcl/lib/tablelist_common5.7/pkgIndex.tcl
FILECOPY C:/Tcl86/lib/teapot/package/tcl/lib/tablelist_common5.7/tablelistPublic.tcl
MKDIR C:/Tcl86/lib/teapot/package/tcl/lib/tablelist_common5.7/scripts
FILECOPY C:/Tcl86/lib/teapot/package/tcl/lib/tablelist_common5.7/scripts/mwutil.tcl
FILECOPY C:/Tcl86/lib/teapot/package/tcl/lib/tablelist_common5.7/scripts/repair.tcl
FILECOPY C:/Tcl86/lib/teapot/package/tcl/lib/tablelist_common5.7/scripts/tablelistBind.tcl
FILECOPY C:/Tcl86/lib/teapot/package/tcl/lib/tablelist_common5.7/scripts/tablelistConfig.tcl
FILECOPY C:/Tcl86/lib/teapot/package/tcl/lib/tablelist_common5.7/scripts/tablelistEdit.tcl
FILECOPY C:/Tcl86/lib/teapot/package/tcl/lib/tablelist_common5.7/scripts/tablelistImages.tcl
FILECOPY C:/Tcl86/lib/teapot/package/tcl/lib/tablelist_common5.7/scripts/tablelistMove.tcl
FILECOPY C:/Tcl86/lib/teapot/package/tcl/lib/tablelist_common5.7/scripts/tablelistSort.tcl
FILECOPY C:/Tcl86/lib/teapot/package/tcl/lib/tablelist_common5.7/scripts/tablelistThemes.tcl
FILECOPY C:/Tcl86/lib/teapot/package/tcl/lib/tablelist_common5.7/scripts/tablelistUtil.tcl
FILECOPY C:/Tcl86/lib/teapot/package/tcl/lib/tablelist_common5.7/scripts/tablelistWidget.tcl
FILECOPY C:/Tcl86/lib/teapot/package/tcl/lib/tablelist_common5.7/scripts/tclIndex
MKDIR C:/Tcl86/lib/teapot/package/tcl/teapot
MKDIR C:/Tcl86/lib/teapot/package/tcl/teapot/tcl8
MKDIR C:/Tcl86/lib/teapot/package/tcl/teapot/tcl8/8.0
FILECOPY C:/Tcl86/lib/teapot/package/tcl/teapot/tcl8/8.0/log-1.3.tm
FILECOPY C:/Tcl86/lib/teapot/package/tcl/teapot/tcl8/8.0/tablelist-5.7.tm
MKDIR C:/Tcl86/lib/teapot/package/tcl/teapot/tcl8/8.2
FILECOPY C:/Tcl86/lib/teapot/package/tcl/teapot/tcl8/8.2/base64-2.4.2.tm
FILECOPY C:/Tcl86/lib/teapot/package/tcl/teapot/tcl8/8.2/cmdline-1.3.3.tm
FILECOPY C:/Tcl86/lib/teapot/package/tcl/teapot/tcl8/8.2/fileutil-1.14.5.tm
FILECOPY C:/Tcl86/lib/teapot/package/tcl/teapot/tcl8/8.2/ftp-2.4.11.tm
FILECOPY C:/Tcl86/lib/teapot/package/tcl/teapot/tcl8/8.2/logger-0.9.3.tm
FILECOPY C:/Tcl86/lib/teapot/package/tcl/teapot/tcl8/8.2/md5-2.0.7.tm
FILECOPY C:/Tcl86/lib/teapot/package/tcl/teapot/tcl8/8.2/report-0.3.1.tm
FILECOPY C:/Tcl86/lib/teapot/package/tcl/teapot/tcl8/8.2/struct-2.1.tm
FILECOPY C:/Tcl86/lib/teapot/package/tcl/teapot/tcl8/8.2/textutil-0.7.1.tm
MKDIR C:/Tcl86/lib/teapot/package/tcl/teapot/tcl8/8.2/struct
FILECOPY C:/Tcl86/lib/teapot/package/tcl/teapot/tcl8/8.2/struct/matrix-2.0.2.tm
FILECOPY C:/Tcl86/lib/teapot/package/tcl/teapot/tcl8/8.2/struct/pool-1.2.1.tm
FILECOPY C:/Tcl86/lib/teapot/package/tcl/teapot/tcl8/8.2/struct/prioqueue-1.4.tm
FILECOPY C:/Tcl86/lib/teapot/package/tcl/teapot/tcl8/8.2/struct/record-1.2.1.tm
FILECOPY C:/Tcl86/lib/teapot/package/tcl/teapot/tcl8/8.2/struct/skiplist-1.3.tm
MKDIR C:/Tcl86/lib/teapot/package/tcl/teapot/tcl8/8.2/textutil
FILECOPY C:/Tcl86/lib/teapot/package/tcl/teapot/tcl8/8.2/textutil/adjust-0.7.1.tm
FILECOPY C:/Tcl86/lib/teapot/package/tcl/teapot/tcl8/8.2/textutil/repeat-0.7.tm
FILECOPY C:/Tcl86/lib/teapot/package/tcl/teapot/tcl8/8.2/textutil/split-0.7.tm
FILECOPY C:/Tcl86/lib/teapot/package/tcl/teapot/tcl8/8.2/textutil/string-0.7.1.tm
FILECOPY C:/Tcl86/lib/teapot/package/tcl/teapot/tcl8/8.2/textutil/tabify-0.7.tm
FILECOPY C:/Tcl86/lib/teapot/package/tcl/teapot/tcl8/8.2/textutil/trim-0.7.tm
MKDIR C:/Tcl86/lib/teapot/package/tcl/teapot/tcl8/8.3
FILECOPY C:/Tcl86/lib/teapot/package/tcl/teapot/tcl8/8.3/comm-4.6.2.tm
MKDIR C:/Tcl86/lib/teapot/package/tcl/teapot/tcl8/8.4
FILECOPY C:/Tcl86/lib/teapot/package/tcl/teapot/tcl8/8.4/Img-1.4.1.tm
FILECOPY C:/Tcl86/lib/teapot/package/tcl/teapot/tcl8/8.4/csv-0.8.tm
FILECOPY C:/Tcl86/lib/teapot/package/tcl/teapot/tcl8/8.4/starkit-1.3.3.tm
FILECOPY C:/Tcl86/lib/teapot/package/tcl/teapot/tcl8/8.4/style-0.3.tm
FILECOPY C:/Tcl86/lib/teapot/package/tcl/teapot/tcl8/8.4/tablelist_tile-5.7.tm
FILECOPY C:/Tcl86/lib/teapot/package/tcl/teapot/tcl8/8.4/tdomhtml-0.1.0.tm
FILECOPY C:/Tcl86/lib/teapot/package/tcl/teapot/tcl8/8.4/tipstack-1.0.1.tm
FILECOPY C:/Tcl86/lib/teapot/package/tcl/teapot/tcl8/8.4/tooltip-1.4.4.tm
FILECOPY C:/Tcl86/lib/teapot/package/tcl/teapot/tcl8/8.4/trsync-1.0.tm
FILECOPY C:/Tcl86/lib/teapot/package/tcl/teapot/tcl8/8.4/widget-3.1.tm
MKDIR C:/Tcl86/lib/teapot/package/tcl/teapot/tcl8/8.4/fileutil
FILECOPY C:/Tcl86/lib/teapot/package/tcl/teapot/tcl8/8.4/fileutil/globfind-1.5.tm
MKDIR C:/Tcl86/lib/teapot/package/tcl/teapot/tcl8/8.4/struct
FILECOPY C:/Tcl86/lib/teapot/package/tcl/teapot/tcl8/8.4/struct/list-1.8.2.tm
MKDIR C:/Tcl86/lib/teapot/package/tcl/teapot/tcl8/8.4/style
FILECOPY C:/Tcl86/lib/teapot/package/tcl/teapot/tcl8/8.4/style/as-1.4.1.tm
FILECOPY C:/Tcl86/lib/teapot/package/tcl/teapot/tcl8/8.4/style/lobster-0.2.tm
MKDIR C:/Tcl86/lib/teapot/package/tcl/teapot/tcl8/8.4/textutil
FILECOPY C:/Tcl86/lib/teapot/package/tcl/teapot/tcl8/8.4/textutil/expander-1.3.1.tm
MKDIR C:/Tcl86/lib/teapot/package/tcl/teapot/tcl8/8.4/vfs
FILECOPY C:/Tcl86/lib/teapot/package/tcl/teapot/tcl8/8.4/vfs/ftp-1.0.tm
FILECOPY C:/Tcl86/lib/teapot/package/tcl/teapot/tcl8/8.4/vfs/http-0.6.tm
FILECOPY C:/Tcl86/lib/teapot/package/tcl/teapot/tcl8/8.4/vfs/mk4-1.10.1.tm
FILECOPY C:/Tcl86/lib/teapot/package/tcl/teapot/tcl8/8.4/vfs/ns-0.5.1.tm
FILECOPY C:/Tcl86/lib/teapot/package/tcl/teapot/tcl8/8.4/vfs/tar-0.91.tm
FILECOPY C:/Tcl86/lib/teapot/package/tcl/teapot/tcl8/8.4/vfs/template-1.5.5.tm
FILECOPY C:/Tcl86/lib/teapot/package/tcl/teapot/tcl8/8.4/vfs/test-1.0.tm
FILECOPY C:/Tcl86/lib/teapot/package/tcl/teapot/tcl8/8.4/vfs/tk-0.5.tm
FILECOPY C:/Tcl86/lib/teapot/package/tcl/teapot/tcl8/8.4/vfs/urltype-1.0.tm
FILECOPY C:/Tcl86/lib/teapot/package/tcl/teapot/tcl8/8.4/vfs/webdav-0.1.tm
FILECOPY C:/Tcl86/lib/teapot/package/tcl/teapot/tcl8/8.4/vfs/zip-1.0.4.tm
MKDIR C:/Tcl86/lib/teapot/package/tcl/teapot/tcl8/8.4/vfs/template
FILECOPY C:/Tcl86/lib/teapot/package/tcl/teapot/tcl8/8.4/vfs/template/chroot-1.5.2.tm
FILECOPY C:/Tcl86/lib/teapot/package/tcl/teapot/tcl8/8.4/vfs/template/collate-1.5.3.tm
FILECOPY C:/Tcl86/lib/teapot/package/tcl/teapot/tcl8/8.4/vfs/template/fish-1.5.2.tm
FILECOPY C:/Tcl86/lib/teapot/package/tcl/teapot/tcl8/8.4/vfs/template/quota-1.5.2.tm
FILECOPY C:/Tcl86/lib/teapot/package/tcl/teapot/tcl8/8.4/vfs/template/version-1.5.2.tm
MKDIR C:/Tcl86/lib/teapot/package/tcl/teapot/tcl8/8.4/vfs/template/version
FILECOPY C:/Tcl86/lib/teapot/package/tcl/teapot/tcl8/8.4/vfs/template/version/delta-1.5.2.tm
MKDIR C:/Tcl86/lib/teapot/package/tcl/teapot/tcl8/8.4/widget
FILECOPY C:/Tcl86/lib/teapot/package/tcl/teapot/tcl8/8.4/widget/all-1.2.3.tm
FILECOPY C:/Tcl86/lib/teapot/package/tcl/teapot/tcl8/8.4/widget/arrowbutton-1.0.tm
FILECOPY C:/Tcl86/lib/teapot/package/tcl/teapot/tcl8/8.4/widget/calendar-1.00.tm
FILECOPY C:/Tcl86/lib/teapot/package/tcl/teapot/tcl8/8.4/widget/dateentry-0.95.tm
FILECOPY C:/Tcl86/lib/teapot/package/tcl/teapot/tcl8/8.4/widget/dialog-1.3.1.tm
FILECOPY C:/Tcl86/lib/teapot/package/tcl/teapot/tcl8/8.4/widget/menuentry-1.0.1.tm
FILECOPY C:/Tcl86/lib/teapot/package/tcl/teapot/tcl8/8.4/widget/panelframe-1.1.tm
FILECOPY C:/Tcl86/lib/teapot/package/tcl/teapot/tcl8/8.4/widget/ruler-1.1.tm
FILECOPY C:/Tcl86/lib/teapot/package/tcl/teapot/tcl8/8.4/widget/screenruler-1.2.tm
FILECOPY C:/Tcl86/lib/teapot/package/tcl/teapot/tcl8/8.4/widget/scrolledtext-1.0.tm
FILECOPY C:/Tcl86/lib/teapot/package/tcl/teapot/tcl8/8.4/widget/scrolledwindow-1.2.1.tm
FILECOPY C:/Tcl86/lib/teapot/package/tcl/teapot/tcl8/8.4/widget/statusbar-1.2.1.tm
FILECOPY C:/Tcl86/lib/teapot/package/tcl/teapot/tcl8/8.4/widget/superframe-1.0.1.tm
FILECOPY C:/Tcl86/lib/teapot/package/tcl/teapot/tcl8/8.4/widget/toolbar-1.2.1.tm
MKDIR C:/Tcl86/lib/teapot/package/win32-ix86
MKDIR C:/Tcl86/lib/teapot/package/win32-ix86/lib
FILECOPY C:/Tcl86/lib/teapot/package/win32-ix86/lib/pkgIndex.tcl
MKDIR C:/Tcl86/lib/teapot/package/win32-ix86/lib/Itcl3.4
FILECOPY C:/Tcl86/lib/teapot/package/win32-ix86/lib/Itcl3.4/itcl.tcl
FILECOPY C:/Tcl86/lib/teapot/package/win32-ix86/lib/Itcl3.4/itcl34.dll
FILECOPY C:/Tcl86/lib/teapot/package/win32-ix86/lib/Itcl3.4/pkgIndex.tcl
MKDIR C:/Tcl86/lib/teapot/package/win32-ix86/lib/Itk3.4
FILECOPY C:/Tcl86/lib/teapot/package/win32-ix86/lib/Itk3.4/Archetype.itk
FILECOPY C:/Tcl86/lib/teapot/package/win32-ix86/lib/Itk3.4/Toplevel.itk
FILECOPY C:/Tcl86/lib/teapot/package/win32-ix86/lib/Itk3.4/Widget.itk
FILECOPY C:/Tcl86/lib/teapot/package/win32-ix86/lib/Itk3.4/itk.tcl
FILECOPY C:/Tcl86/lib/teapot/package/win32-ix86/lib/Itk3.4/itk34.dll
FILECOPY C:/Tcl86/lib/teapot/package/win32-ix86/lib/Itk3.4/pkgIndex.tcl
FILECOPY C:/Tcl86/lib/teapot/package/win32-ix86/lib/Itk3.4/tclIndex
MKDIR C:/Tcl86/lib/teapot/package/win32-ix86/lib/Memchan2.3
FILECOPY C:/Tcl86/lib/teapot/package/win32-ix86/lib/Memchan2.3/Memchan23.dll
FILECOPY C:/Tcl86/lib/teapot/package/win32-ix86/lib/Memchan2.3/pkgIndex.tcl
MKDIR C:/Tcl86/lib/teapot/package/win32-ix86/lib/Mk4tcl2.4.9.7
FILECOPY C:/Tcl86/lib/teapot/package/win32-ix86/lib/Mk4tcl2.4.9.7/Mk4tcl.dll
FILECOPY C:/Tcl86/lib/teapot/package/win32-ix86/lib/Mk4tcl2.4.9.7/pkgIndex.tcl
MKDIR C:/Tcl86/lib/teapot/package/win32-ix86/lib/Tclx8.4
FILECOPY C:/Tcl86/lib/teapot/package/win32-ix86/lib/Tclx8.4/arrayprocs.tcl
FILECOPY C:/Tcl86/lib/teapot/package/win32-ix86/lib/Tclx8.4/autoload.tcl
FILECOPY C:/Tcl86/lib/teapot/package/win32-ix86/lib/Tclx8.4/buildhelp.tcl
FILECOPY C:/Tcl86/lib/teapot/package/win32-ix86/lib/Tclx8.4/compat.tcl
FILECOPY C:/Tcl86/lib/teapot/package/win32-ix86/lib/Tclx8.4/convlib.tcl
FILECOPY C:/Tcl86/lib/teapot/package/win32-ix86/lib/Tclx8.4/edprocs.tcl
FILECOPY C:/Tcl86/lib/teapot/package/win32-ix86/lib/Tclx8.4/events.tcl
FILECOPY C:/Tcl86/lib/teapot/package/win32-ix86/lib/Tclx8.4/fmath.tcl
FILECOPY C:/Tcl86/lib/teapot/package/win32-ix86/lib/Tclx8.4/forfile.tcl
FILECOPY C:/Tcl86/lib/teapot/package/win32-ix86/lib/Tclx8.4/globrecur.tcl
FILECOPY C:/Tcl86/lib/teapot/package/win32-ix86/lib/Tclx8.4/help.tcl
FILECOPY C:/Tcl86/lib/teapot/package/win32-ix86/lib/Tclx8.4/pkgIndex.tcl
FILECOPY C:/Tcl86/lib/teapot/package/win32-ix86/lib/Tclx8.4/profrep.tcl
FILECOPY C:/Tcl86/lib/teapot/package/win32-ix86/lib/Tclx8.4/pushd.tcl
FILECOPY C:/Tcl86/lib/teapot/package/win32-ix86/lib/Tclx8.4/setfuncs.tcl
FILECOPY C:/Tcl86/lib/teapot/package/win32-ix86/lib/Tclx8.4/showproc.tcl
FILECOPY C:/Tcl86/lib/teapot/package/win32-ix86/lib/Tclx8.4/stringfile.tcl
FILECOPY C:/Tcl86/lib/teapot/package/win32-ix86/lib/Tclx8.4/tcllib.tcl
FILECOPY C:/Tcl86/lib/teapot/package/win32-ix86/lib/Tclx8.4/tclx.tcl
FILECOPY C:/Tcl86/lib/teapot/package/win32-ix86/lib/Tclx8.4/tclx84.dll
MKDIR C:/Tcl86/lib/teapot/package/win32-ix86/lib/Tktable2.11
FILECOPY C:/Tcl86/lib/teapot/package/win32-ix86/lib/Tktable2.11/Tktable211.dll
FILECOPY C:/Tcl86/lib/teapot/package/win32-ix86/lib/Tktable2.11/pkgIndex.tcl
FILECOPY C:/Tcl86/lib/teapot/package/win32-ix86/lib/Tktable2.11/tkTable.tcl
MKDIR C:/Tcl86/lib/teapot/package/win32-ix86/lib/Trf2.1.4
FILECOPY C:/Tcl86/lib/teapot/package/win32-ix86/lib/Trf2.1.4/Trf214.dll
FILECOPY C:/Tcl86/lib/teapot/package/win32-ix86/lib/Trf2.1.4/pkgIndex.tcl
MKDIR C:/Tcl86/lib/teapot/package/win32-ix86/lib/img_base1.4.1
FILECOPY C:/Tcl86/lib/teapot/package/win32-ix86/lib/img_base1.4.1/pkgIndex.tcl
FILECOPY C:/Tcl86/lib/teapot/package/win32-ix86/lib/img_base1.4.1/tkimg141.dll
MKDIR C:/Tcl86/lib/teapot/package/win32-ix86/lib/img_bmp1.4.1
FILECOPY C:/Tcl86/lib/teapot/package/win32-ix86/lib/img_bmp1.4.1/pkgIndex.tcl
FILECOPY C:/Tcl86/lib/teapot/package/win32-ix86/lib/img_bmp1.4.1/tkimgbmp141.dll
MKDIR C:/Tcl86/lib/teapot/package/win32-ix86/lib/img_gif1.4.1
FILECOPY C:/Tcl86/lib/teapot/package/win32-ix86/lib/img_gif1.4.1/pkgIndex.tcl
FILECOPY C:/Tcl86/lib/teapot/package/win32-ix86/lib/img_gif1.4.1/tkimggif141.dll
MKDIR C:/Tcl86/lib/teapot/package/win32-ix86/lib/img_ico1.4.1
FILECOPY C:/Tcl86/lib/teapot/package/win32-ix86/lib/img_ico1.4.1/pkgIndex.tcl
FILECOPY C:/Tcl86/lib/teapot/package/win32-ix86/lib/img_ico1.4.1/tkimgico141.dll
MKDIR C:/Tcl86/lib/teapot/package/win32-ix86/lib/img_jpeg1.4.1
FILECOPY C:/Tcl86/lib/teapot/package/win32-ix86/lib/img_jpeg1.4.1/pkgIndex.tcl
FILECOPY C:/Tcl86/lib/teapot/package/win32-ix86/lib/img_jpeg1.4.1/tkimgjpeg141.dll
MKDIR C:/Tcl86/lib/teapot/package/win32-ix86/lib/img_pcx1.4.1
FILECOPY C:/Tcl86/lib/teapot/package/win32-ix86/lib/img_pcx1.4.1/pkgIndex.tcl
FILECOPY C:/Tcl86/lib/teapot/package/win32-ix86/lib/img_pcx1.4.1/tkimgpcx141.dll
MKDIR C:/Tcl86/lib/teapot/package/win32-ix86/lib/img_pixmap1.4.1
FILECOPY C:/Tcl86/lib/teapot/package/win32-ix86/lib/img_pixmap1.4.1/pkgIndex.tcl
FILECOPY C:/Tcl86/lib/teapot/package/win32-ix86/lib/img_pixmap1.4.1/tkimgpixmap141.dll
MKDIR C:/Tcl86/lib/teapot/package/win32-ix86/lib/img_png1.4.1
FILECOPY C:/Tcl86/lib/teapot/package/win32-ix86/lib/img_png1.4.1/pkgIndex.tcl
FILECOPY C:/Tcl86/lib/teapot/package/win32-ix86/lib/img_png1.4.1/tkimgpng141.dll
MKDIR C:/Tcl86/lib/teapot/package/win32-ix86/lib/img_ppm1.4.1
FILECOPY C:/Tcl86/lib/teapot/package/win32-ix86/lib/img_ppm1.4.1/pkgIndex.tcl
FILECOPY C:/Tcl86/lib/teapot/package/win32-ix86/lib/img_ppm1.4.1/tkimgppm141.dll
MKDIR C:/Tcl86/lib/teapot/package/win32-ix86/lib/img_ps1.4.1
FILECOPY C:/Tcl86/lib/teapot/package/win32-ix86/lib/img_ps1.4.1/pkgIndex.tcl
FILECOPY C:/Tcl86/lib/teapot/package/win32-ix86/lib/img_ps1.4.1/tkimgps141.dll
MKDIR C:/Tcl86/lib/teapot/package/win32-ix86/lib/img_sgi1.4.1
FILECOPY C:/Tcl86/lib/teapot/package/win32-ix86/lib/img_sgi1.4.1/pkgIndex.tcl
FILECOPY C:/Tcl86/lib/teapot/package/win32-ix86/lib/img_sgi1.4.1/tkimgsgi141.dll
MKDIR C:/Tcl86/lib/teapot/package/win32-ix86/lib/img_sun1.4.1
FILECOPY C:/Tcl86/lib/teapot/package/win32-ix86/lib/img_sun1.4.1/pkgIndex.tcl
FILECOPY C:/Tcl86/lib/teapot/package/win32-ix86/lib/img_sun1.4.1/tkimgsun141.dll
MKDIR C:/Tcl86/lib/teapot/package/win32-ix86/lib/img_tga1.4.1
FILECOPY C:/Tcl86/lib/teapot/package/win32-ix86/lib/img_tga1.4.1/pkgIndex.tcl
FILECOPY C:/Tcl86/lib/teapot/package/win32-ix86/lib/img_tga1.4.1/tkimgtga141.dll
MKDIR C:/Tcl86/lib/teapot/package/win32-ix86/lib/img_tiff1.4.1
FILECOPY C:/Tcl86/lib/teapot/package/win32-ix86/lib/img_tiff1.4.1/pkgIndex.tcl
FILECOPY C:/Tcl86/lib/teapot/package/win32-ix86/lib/img_tiff1.4.1/tkimgtiff141.dll
MKDIR C:/Tcl86/lib/teapot/package/win32-ix86/lib/img_window1.4.1
FILECOPY C:/Tcl86/lib/teapot/package/win32-ix86/lib/img_window1.4.1/pkgIndex.tcl
FILECOPY C:/Tcl86/lib/teapot/package/win32-ix86/lib/img_window1.4.1/tkimgwindow141.dll
MKDIR C:/Tcl86/lib/teapot/package/win32-ix86/lib/img_xbm1.4.1
FILECOPY C:/Tcl86/lib/teapot/package/win32-ix86/lib/img_xbm1.4.1/pkgIndex.tcl
FILECOPY C:/Tcl86/lib/teapot/package/win32-ix86/lib/img_xbm1.4.1/tkimgxbm141.dll
MKDIR C:/Tcl86/lib/teapot/package/win32-ix86/lib/img_xpm1.4.1
FILECOPY C:/Tcl86/lib/teapot/package/win32-ix86/lib/img_xpm1.4.1/pkgIndex.tcl
FILECOPY C:/Tcl86/lib/teapot/package/win32-ix86/lib/img_xpm1.4.1/tkimgxpm141.dll
MKDIR C:/Tcl86/lib/teapot/package/win32-ix86/lib/jpegtcl8.3
FILECOPY C:/Tcl86/lib/teapot/package/win32-ix86/lib/jpegtcl8.3/jpegtcl83.dll
FILECOPY C:/Tcl86/lib/teapot/package/win32-ix86/lib/jpegtcl8.3/pkgIndex.tcl
MKDIR C:/Tcl86/lib/teapot/package/win32-ix86/lib/pngtcl1.4.12
FILECOPY C:/Tcl86/lib/teapot/package/win32-ix86/lib/pngtcl1.4.12/pkgIndex.tcl
FILECOPY C:/Tcl86/lib/teapot/package/win32-ix86/lib/pngtcl1.4.12/pngtcl1412.dll
MKDIR C:/Tcl86/lib/teapot/package/win32-ix86/lib/sqlite33.7.15.2
FILECOPY C:/Tcl86/lib/teapot/package/win32-ix86/lib/sqlite33.7.15.2/pkgIndex.tcl
FILECOPY C:/Tcl86/lib/teapot/package/win32-ix86/lib/sqlite33.7.15.2/sqlite37152.dll
MKDIR C:/Tcl86/lib/teapot/package/win32-ix86/lib/tdom0.8.3
FILECOPY C:/Tcl86/lib/teapot/package/win32-ix86/lib/tdom0.8.3/pkgIndex.tcl
FILECOPY C:/Tcl86/lib/teapot/package/win32-ix86/lib/tdom0.8.3/tdom.tcl
FILECOPY C:/Tcl86/lib/teapot/package/win32-ix86/lib/tdom0.8.3/tdom083.dll
MKDIR C:/Tcl86/lib/teapot/package/win32-ix86/lib/tifftcl3.9.4
FILECOPY C:/Tcl86/lib/teapot/package/win32-ix86/lib/tifftcl3.9.4/pkgIndex.tcl
FILECOPY C:/Tcl86/lib/teapot/package/win32-ix86/lib/tifftcl3.9.4/tifftcl394.dll
MKDIR C:/Tcl86/lib/teapot/package/win32-ix86/lib/tls1.6.3
FILECOPY C:/Tcl86/lib/teapot/package/win32-ix86/lib/tls1.6.3/pkgIndex.tcl
FILECOPY C:/Tcl86/lib/teapot/package/win32-ix86/lib/tls1.6.3/tls.tcl
FILECOPY C:/Tcl86/lib/teapot/package/win32-ix86/lib/tls1.6.3/tls163.dll
MKDIR C:/Tcl86/lib/teapot/package/win32-ix86/lib/treectrl2.4.1
FILECOPY C:/Tcl86/lib/teapot/package/win32-ix86/lib/treectrl2.4.1/filelist-bindings.tcl
FILECOPY C:/Tcl86/lib/teapot/package/win32-ix86/lib/treectrl2.4.1/pkgIndex.tcl
FILECOPY C:/Tcl86/lib/teapot/package/win32-ix86/lib/treectrl2.4.1/treectrl.tcl
FILECOPY C:/Tcl86/lib/teapot/package/win32-ix86/lib/treectrl2.4.1/treectrl24.dll
MKDIR C:/Tcl86/lib/teapot/package/win32-ix86/lib/vfs1.4.2
FILECOPY C:/Tcl86/lib/teapot/package/win32-ix86/lib/vfs1.4.2/pkgIndex.tcl
FILECOPY C:/Tcl86/lib/teapot/package/win32-ix86/lib/vfs1.4.2/vfs.tcl
FILECOPY C:/Tcl86/lib/teapot/package/win32-ix86/lib/vfs1.4.2/vfs142.dll
FILECOPY C:/Tcl86/lib/teapot/package/win32-ix86/lib/vfs1.4.2/vfsUtils.tcl
FILECOPY C:/Tcl86/lib/teapot/package/win32-ix86/lib/vfs1.4.2/vfslib.tcl
MKDIR C:/Tcl86/lib/teapot/package/win32-ix86/lib/zlibtcl1.2.7
FILECOPY C:/Tcl86/lib/teapot/package/win32-ix86/lib/zlibtcl1.2.7/pkgIndex.tcl
FILECOPY C:/Tcl86/lib/teapot/package/win32-ix86/lib/zlibtcl1.2.7/zlibtcl127.dll
MKDIR C:/Tcl86/lib/tk8.6
FILECOPY C:/Tcl86/lib/tk8.6/bgerror.tcl
FILECOPY C:/Tcl86/lib/tk8.6/button.tcl
FILECOPY C:/Tcl86/lib/tk8.6/choosedir.tcl
FILECOPY C:/Tcl86/lib/tk8.6/clrpick.tcl
FILECOPY C:/Tcl86/lib/tk8.6/comdlg.tcl
FILECOPY C:/Tcl86/lib/tk8.6/console.tcl
FILECOPY C:/Tcl86/lib/tk8.6/dialog.tcl
FILECOPY C:/Tcl86/lib/tk8.6/entry.tcl
FILECOPY C:/Tcl86/lib/tk8.6/focus.tcl
FILECOPY C:/Tcl86/lib/tk8.6/fontchooser.tcl
FILECOPY C:/Tcl86/lib/tk8.6/iconlist.tcl
FILECOPY C:/Tcl86/lib/tk8.6/icons.tcl
FILECOPY C:/Tcl86/lib/tk8.6/listbox.tcl
FILECOPY C:/Tcl86/lib/tk8.6/megawidget.tcl
FILECOPY C:/Tcl86/lib/tk8.6/menu.tcl
FILECOPY C:/Tcl86/lib/tk8.6/mkpsenc.tcl
FILECOPY C:/Tcl86/lib/tk8.6/msgbox.tcl
FILECOPY C:/Tcl86/lib/tk8.6/obsolete.tcl
FILECOPY C:/Tcl86/lib/tk8.6/optMenu.tcl
FILECOPY C:/Tcl86/lib/tk8.6/palette.tcl
FILECOPY C:/Tcl86/lib/tk8.6/panedwindow.tcl
FILECOPY C:/Tcl86/lib/tk8.6/pkgIndex.tcl
FILECOPY C:/Tcl86/lib/tk8.6/safetk.tcl
FILECOPY C:/Tcl86/lib/tk8.6/scale.tcl
FILECOPY C:/Tcl86/lib/tk8.6/scrlbar.tcl
FILECOPY C:/Tcl86/lib/tk8.6/spinbox.tcl
FILECOPY C:/Tcl86/lib/tk8.6/tclIndex
FILECOPY C:/Tcl86/lib/tk8.6/tearoff.tcl
FILECOPY C:/Tcl86/lib/tk8.6/text.tcl
FILECOPY C:/Tcl86/lib/tk8.6/tk.tcl
FILECOPY C:/Tcl86/lib/tk8.6/tkAppInit.c
FILECOPY C:/Tcl86/lib/tk8.6/tkConfig-shared.sh
FILECOPY C:/Tcl86/lib/tk8.6/tkConfig.sh
FILECOPY C:/Tcl86/lib/tk8.6/tkfbox.tcl
FILECOPY C:/Tcl86/lib/tk8.6/unsupported.tcl
FILECOPY C:/Tcl86/lib/tk8.6/xmfbox.tcl
MKDIR C:/Tcl86/lib/tk8.6/demos
FILECOPY C:/Tcl86/lib/tk8.6/demos/README
FILECOPY C:/Tcl86/lib/tk8.6/demos/anilabel.tcl
FILECOPY C:/Tcl86/lib/tk8.6/demos/aniwave.tcl
FILECOPY C:/Tcl86/lib/tk8.6/demos/arrow.tcl
FILECOPY C:/Tcl86/lib/tk8.6/demos/bind.tcl
FILECOPY C:/Tcl86/lib/tk8.6/demos/bitmap.tcl
FILECOPY C:/Tcl86/lib/tk8.6/demos/browse
FILECOPY C:/Tcl86/lib/tk8.6/demos/button.tcl
FILECOPY C:/Tcl86/lib/tk8.6/demos/check.tcl
FILECOPY C:/Tcl86/lib/tk8.6/demos/clrpick.tcl
FILECOPY C:/Tcl86/lib/tk8.6/demos/colors.tcl
FILECOPY C:/Tcl86/lib/tk8.6/demos/combo.tcl
FILECOPY C:/Tcl86/lib/tk8.6/demos/cscroll.tcl
FILECOPY C:/Tcl86/lib/tk8.6/demos/ctext.tcl
FILECOPY C:/Tcl86/lib/tk8.6/demos/dialog1.tcl
FILECOPY C:/Tcl86/lib/tk8.6/demos/dialog2.tcl
FILECOPY C:/Tcl86/lib/tk8.6/demos/en.msg
FILECOPY C:/Tcl86/lib/tk8.6/demos/entry1.tcl
FILECOPY C:/Tcl86/lib/tk8.6/demos/entry2.tcl
FILECOPY C:/Tcl86/lib/tk8.6/demos/entry3.tcl
FILECOPY C:/Tcl86/lib/tk8.6/demos/filebox.tcl
FILECOPY C:/Tcl86/lib/tk8.6/demos/floor.tcl
FILECOPY C:/Tcl86/lib/tk8.6/demos/fontchoose.tcl
FILECOPY C:/Tcl86/lib/tk8.6/demos/form.tcl
FILECOPY C:/Tcl86/lib/tk8.6/demos/goldberg.tcl
FILECOPY C:/Tcl86/lib/tk8.6/demos/hello
FILECOPY C:/Tcl86/lib/tk8.6/demos/hscale.tcl
FILECOPY C:/Tcl86/lib/tk8.6/demos/icon.tcl
FILECOPY C:/Tcl86/lib/tk8.6/demos/image1.tcl
FILECOPY C:/Tcl86/lib/tk8.6/demos/image2.tcl
FILECOPY C:/Tcl86/lib/tk8.6/demos/items.tcl
FILECOPY C:/Tcl86/lib/tk8.6/demos/ixset
FILECOPY C:/Tcl86/lib/tk8.6/demos/knightstour.tcl
FILECOPY C:/Tcl86/lib/tk8.6/demos/label.tcl
FILECOPY C:/Tcl86/lib/tk8.6/demos/labelframe.tcl
FILECOPY C:/Tcl86/lib/tk8.6/demos/mclist.tcl
FILECOPY C:/Tcl86/lib/tk8.6/demos/menu.tcl
FILECOPY C:/Tcl86/lib/tk8.6/demos/menubu.tcl
FILECOPY C:/Tcl86/lib/tk8.6/demos/msgbox.tcl
FILECOPY C:/Tcl86/lib/tk8.6/demos/nl.msg
FILECOPY C:/Tcl86/lib/tk8.6/demos/paned1.tcl
FILECOPY C:/Tcl86/lib/tk8.6/demos/paned2.tcl
FILECOPY C:/Tcl86/lib/tk8.6/demos/pendulum.tcl
FILECOPY C:/Tcl86/lib/tk8.6/demos/plot.tcl
FILECOPY C:/Tcl86/lib/tk8.6/demos/puzzle.tcl
FILECOPY C:/Tcl86/lib/tk8.6/demos/radio.tcl
FILECOPY C:/Tcl86/lib/tk8.6/demos/rmt
FILECOPY C:/Tcl86/lib/tk8.6/demos/rolodex
FILECOPY C:/Tcl86/lib/tk8.6/demos/ruler.tcl
FILECOPY C:/Tcl86/lib/tk8.6/demos/sayings.tcl
FILECOPY C:/Tcl86/lib/tk8.6/demos/search.tcl
FILECOPY C:/Tcl86/lib/tk8.6/demos/spin.tcl
FILECOPY C:/Tcl86/lib/tk8.6/demos/states.tcl
FILECOPY C:/Tcl86/lib/tk8.6/demos/style.tcl
FILECOPY C:/Tcl86/lib/tk8.6/demos/tclIndex
FILECOPY C:/Tcl86/lib/tk8.6/demos/tcolor
FILECOPY C:/Tcl86/lib/tk8.6/demos/text.tcl
FILECOPY C:/Tcl86/lib/tk8.6/demos/textpeer.tcl
FILECOPY C:/Tcl86/lib/tk8.6/demos/timer
FILECOPY C:/Tcl86/lib/tk8.6/demos/toolbar.tcl
FILECOPY C:/Tcl86/lib/tk8.6/demos/tree.tcl
FILECOPY C:/Tcl86/lib/tk8.6/demos/ttkbut.tcl
FILECOPY C:/Tcl86/lib/tk8.6/demos/ttkmenu.tcl
FILECOPY C:/Tcl86/lib/tk8.6/demos/ttknote.tcl
FILECOPY C:/Tcl86/lib/tk8.6/demos/ttkpane.tcl
FILECOPY C:/Tcl86/lib/tk8.6/demos/ttkprogress.tcl
FILECOPY C:/Tcl86/lib/tk8.6/demos/ttkscale.tcl
FILECOPY C:/Tcl86/lib/tk8.6/demos/twind.tcl
FILECOPY C:/Tcl86/lib/tk8.6/demos/unicodeout.tcl
FILECOPY C:/Tcl86/lib/tk8.6/demos/vscale.tcl
FILECOPY C:/Tcl86/lib/tk8.6/demos/widget.tcl
MKDIR C:/Tcl86/lib/tk8.6/demos/images
FILECOPY C:/Tcl86/lib/tk8.6/demos/images/earth.gif
FILECOPY C:/Tcl86/lib/tk8.6/demos/images/earthris.gif
FILECOPY C:/Tcl86/lib/tk8.6/demos/images/flagdown.xbm
FILECOPY C:/Tcl86/lib/tk8.6/demos/images/flagup.xbm
FILECOPY C:/Tcl86/lib/tk8.6/demos/images/gray25.xbm
FILECOPY C:/Tcl86/lib/tk8.6/demos/images/letters.xbm
FILECOPY C:/Tcl86/lib/tk8.6/demos/images/noletter.xbm
FILECOPY C:/Tcl86/lib/tk8.6/demos/images/ouster.png
FILECOPY C:/Tcl86/lib/tk8.6/demos/images/pattern.xbm
FILECOPY C:/Tcl86/lib/tk8.6/demos/images/tcllogo.gif
FILECOPY C:/Tcl86/lib/tk8.6/demos/images/teapot.ppm
MKDIR C:/Tcl86/lib/tk8.6/images
FILECOPY C:/Tcl86/lib/tk8.6/images/README
FILECOPY C:/Tcl86/lib/tk8.6/images/lamp.png
FILECOPY C:/Tcl86/lib/tk8.6/images/lamp.svg
FILECOPY C:/Tcl86/lib/tk8.6/images/logo.eps
FILECOPY C:/Tcl86/lib/tk8.6/images/logo100.gif
FILECOPY C:/Tcl86/lib/tk8.6/images/logo64.gif
FILECOPY C:/Tcl86/lib/tk8.6/images/logoLarge.gif
FILECOPY C:/Tcl86/lib/tk8.6/images/logoMed.gif
FILECOPY C:/Tcl86/lib/tk8.6/images/pwrdLogo.eps
FILECOPY C:/Tcl86/lib/tk8.6/images/pwrdLogo100.gif
FILECOPY C:/Tcl86/lib/tk8.6/images/pwrdLogo150.gif
FILECOPY C:/Tcl86/lib/tk8.6/images/pwrdLogo175.gif
FILECOPY C:/Tcl86/lib/tk8.6/images/pwrdLogo200.gif
FILECOPY C:/Tcl86/lib/tk8.6/images/pwrdLogo75.gif
FILECOPY C:/Tcl86/lib/tk8.6/images/tai-ku.gif
MKDIR C:/Tcl86/lib/tk8.6/msgs
FILECOPY C:/Tcl86/lib/tk8.6/msgs/cs.msg
FILECOPY C:/Tcl86/lib/tk8.6/msgs/da.msg
FILECOPY C:/Tcl86/lib/tk8.6/msgs/de.msg
FILECOPY C:/Tcl86/lib/tk8.6/msgs/el.msg
FILECOPY C:/Tcl86/lib/tk8.6/msgs/en.msg
FILECOPY C:/Tcl86/lib/tk8.6/msgs/en_gb.msg
FILECOPY C:/Tcl86/lib/tk8.6/msgs/eo.msg
FILECOPY C:/Tcl86/lib/tk8.6/msgs/es.msg
FILECOPY C:/Tcl86/lib/tk8.6/msgs/fr.msg
FILECOPY C:/Tcl86/lib/tk8.6/msgs/hu.msg
FILECOPY C:/Tcl86/lib/tk8.6/msgs/it.msg
FILECOPY C:/Tcl86/lib/tk8.6/msgs/nl.msg
FILECOPY C:/Tcl86/lib/tk8.6/msgs/pl.msg
FILECOPY C:/Tcl86/lib/tk8.6/msgs/pt.msg
FILECOPY C:/Tcl86/lib/tk8.6/msgs/ru.msg
FILECOPY C:/Tcl86/lib/tk8.6/msgs/sv.msg
MKDIR C:/Tcl86/lib/tk8.6/ttk
FILECOPY C:/Tcl86/lib/tk8.6/ttk/altTheme.tcl
FILECOPY C:/Tcl86/lib/tk8.6/ttk/aquaTheme.tcl
FILECOPY C:/Tcl86/lib/tk8.6/ttk/button.tcl
FILECOPY C:/Tcl86/lib/tk8.6/ttk/clamTheme.tcl
FILECOPY C:/Tcl86/lib/tk8.6/ttk/classicTheme.tcl
FILECOPY C:/Tcl86/lib/tk8.6/ttk/combobox.tcl
FILECOPY C:/Tcl86/lib/tk8.6/ttk/cursors.tcl
FILECOPY C:/Tcl86/lib/tk8.6/ttk/defaults.tcl
FILECOPY C:/Tcl86/lib/tk8.6/ttk/entry.tcl
FILECOPY C:/Tcl86/lib/tk8.6/ttk/fonts.tcl
FILECOPY C:/Tcl86/lib/tk8.6/ttk/menubutton.tcl
FILECOPY C:/Tcl86/lib/tk8.6/ttk/notebook.tcl
FILECOPY C:/Tcl86/lib/tk8.6/ttk/panedwindow.tcl
FILECOPY C:/Tcl86/lib/tk8.6/ttk/progress.tcl
FILECOPY C:/Tcl86/lib/tk8.6/ttk/scale.tcl
FILECOPY C:/Tcl86/lib/tk8.6/ttk/scrollbar.tcl
FILECOPY C:/Tcl86/lib/tk8.6/ttk/sizegrip.tcl
FILECOPY C:/Tcl86/lib/tk8.6/ttk/spinbox.tcl
FILECOPY C:/Tcl86/lib/tk8.6/ttk/treeview.tcl
FILECOPY C:/Tcl86/lib/tk8.6/ttk/ttk.tcl
FILECOPY C:/Tcl86/lib/tk8.6/ttk/utils.tcl
FILECOPY C:/Tcl86/lib/tk8.6/ttk/vistaTheme.tcl
FILECOPY C:/Tcl86/lib/tk8.6/ttk/winTheme.tcl
FILECOPY C:/Tcl86/lib/tk8.6/ttk/xpTheme.tcl
MKDIR C:/Tcl86/licenses
FILECOPY C:/Tcl86/licenses/License.itcl
FILECOPY C:/Tcl86/licenses/License.libogg
FILECOPY C:/Tcl86/licenses/License.libvorbis
FILECOPY C:/Tcl86/licenses/License.libxml2
FILECOPY C:/Tcl86/licenses/License.libxslt
FILECOPY C:/Tcl86/licenses/License.metakit
FILECOPY C:/Tcl86/licenses/License.snack
FILECOPY C:/Tcl86/licenses/License.tbcload
FILECOPY C:/Tcl86/licenses/License.tcl
FILECOPY C:/Tcl86/licenses/License.tcldom
FILECOPY C:/Tcl86/licenses/License.tclplugin
FILECOPY C:/Tcl86/licenses/License.tclsoap
FILECOPY C:/Tcl86/licenses/License.tclvfs
FILECOPY C:/Tcl86/licenses/License.tclxml
FILECOPY C:/Tcl86/licenses/License.tclxslt
FILECOPY C:/Tcl86/licenses/License.tcom
FILECOPY C:/Tcl86/licenses/License.tile
FILECOPY C:/Tcl86/licenses/License.tk
FILECOPY C:/Tcl86/licenses/License.trofs
FILECOPY C:/Tcl86/README-8.6-thread.txt
FILECOPY C:/Tcl86/license-at8.6-thread.terms
FILECOPY C:/Tcl86/MANIFEST_at8.6.txt
MKDIR {C:\Tcl86\demos}
MKDIR C:/Tcl86/demos/Tk8.6
FILECOPY C:/Tcl86/demos/Tk8.6/README
FILECOPY C:/Tcl86/demos/Tk8.6/anilabel.tcl
FILECOPY C:/Tcl86/demos/Tk8.6/aniwave.tcl
FILECOPY C:/Tcl86/demos/Tk8.6/arrow.tcl
FILECOPY C:/Tcl86/demos/Tk8.6/bind.tcl
FILECOPY C:/Tcl86/demos/Tk8.6/bitmap.tcl
FILECOPY C:/Tcl86/demos/Tk8.6/browse
FILECOPY C:/Tcl86/demos/Tk8.6/button.tcl
FILECOPY C:/Tcl86/demos/Tk8.6/check.tcl
FILECOPY C:/Tcl86/demos/Tk8.6/clrpick.tcl
FILECOPY C:/Tcl86/demos/Tk8.6/colors.tcl
FILECOPY C:/Tcl86/demos/Tk8.6/combo.tcl
FILECOPY C:/Tcl86/demos/Tk8.6/cscroll.tcl
FILECOPY C:/Tcl86/demos/Tk8.6/ctext.tcl
FILECOPY C:/Tcl86/demos/Tk8.6/dialog1.tcl
FILECOPY C:/Tcl86/demos/Tk8.6/dialog2.tcl
FILECOPY C:/Tcl86/demos/Tk8.6/en.msg
FILECOPY C:/Tcl86/demos/Tk8.6/entry1.tcl
FILECOPY C:/Tcl86/demos/Tk8.6/entry2.tcl
FILECOPY C:/Tcl86/demos/Tk8.6/entry3.tcl
FILECOPY C:/Tcl86/demos/Tk8.6/filebox.tcl
FILECOPY C:/Tcl86/demos/Tk8.6/floor.tcl
FILECOPY C:/Tcl86/demos/Tk8.6/fontchoose.tcl
FILECOPY C:/Tcl86/demos/Tk8.6/form.tcl
FILECOPY C:/Tcl86/demos/Tk8.6/goldberg.tcl
FILECOPY C:/Tcl86/demos/Tk8.6/hello
FILECOPY C:/Tcl86/demos/Tk8.6/hscale.tcl
FILECOPY C:/Tcl86/demos/Tk8.6/icon.tcl
FILECOPY C:/Tcl86/demos/Tk8.6/image1.tcl
FILECOPY C:/Tcl86/demos/Tk8.6/image2.tcl
FILECOPY C:/Tcl86/demos/Tk8.6/items.tcl
FILECOPY C:/Tcl86/demos/Tk8.6/ixset
FILECOPY C:/Tcl86/demos/Tk8.6/knightstour.tcl
FILECOPY C:/Tcl86/demos/Tk8.6/label.tcl
FILECOPY C:/Tcl86/demos/Tk8.6/labelframe.tcl
FILECOPY C:/Tcl86/demos/Tk8.6/mclist.tcl
FILECOPY C:/Tcl86/demos/Tk8.6/menu.tcl
FILECOPY C:/Tcl86/demos/Tk8.6/menubu.tcl
FILECOPY C:/Tcl86/demos/Tk8.6/msgbox.tcl
FILECOPY C:/Tcl86/demos/Tk8.6/nl.msg
FILECOPY C:/Tcl86/demos/Tk8.6/paned1.tcl
FILECOPY C:/Tcl86/demos/Tk8.6/paned2.tcl
FILECOPY C:/Tcl86/demos/Tk8.6/pendulum.tcl
FILECOPY C:/Tcl86/demos/Tk8.6/plot.tcl
FILECOPY C:/Tcl86/demos/Tk8.6/puzzle.tcl
FILECOPY C:/Tcl86/demos/Tk8.6/radio.tcl
FILECOPY C:/Tcl86/demos/Tk8.6/rmt
FILECOPY C:/Tcl86/demos/Tk8.6/rolodex
FILECOPY C:/Tcl86/demos/Tk8.6/ruler.tcl
FILECOPY C:/Tcl86/demos/Tk8.6/sayings.tcl
FILECOPY C:/Tcl86/demos/Tk8.6/search.tcl
FILECOPY C:/Tcl86/demos/Tk8.6/spin.tcl
FILECOPY C:/Tcl86/demos/Tk8.6/square
FILECOPY C:/Tcl86/demos/Tk8.6/states.tcl
FILECOPY C:/Tcl86/demos/Tk8.6/style.tcl
FILECOPY C:/Tcl86/demos/Tk8.6/tclIndex
FILECOPY C:/Tcl86/demos/Tk8.6/tcolor
FILECOPY C:/Tcl86/demos/Tk8.6/text.tcl
FILECOPY C:/Tcl86/demos/Tk8.6/textpeer.tcl
FILECOPY C:/Tcl86/demos/Tk8.6/timer
FILECOPY C:/Tcl86/demos/Tk8.6/toolbar.tcl
FILECOPY C:/Tcl86/demos/Tk8.6/tree.tcl
FILECOPY C:/Tcl86/demos/Tk8.6/ttkbut.tcl
FILECOPY C:/Tcl86/demos/Tk8.6/ttkmenu.tcl
FILECOPY C:/Tcl86/demos/Tk8.6/ttknote.tcl
FILECOPY C:/Tcl86/demos/Tk8.6/ttkpane.tcl
FILECOPY C:/Tcl86/demos/Tk8.6/ttkprogress.tcl
FILECOPY C:/Tcl86/demos/Tk8.6/ttkscale.tcl
FILECOPY C:/Tcl86/demos/Tk8.6/twind.tcl
FILECOPY C:/Tcl86/demos/Tk8.6/unicodeout.tcl
FILECOPY C:/Tcl86/demos/Tk8.6/vscale.tcl
FILECOPY C:/Tcl86/demos/Tk8.6/widget.tcl
MKDIR C:/Tcl86/demos/Tk8.6/images
FILECOPY C:/Tcl86/demos/Tk8.6/images/earth.gif
FILECOPY C:/Tcl86/demos/Tk8.6/images/earthris.gif
FILECOPY C:/Tcl86/demos/Tk8.6/images/flagdown.xbm
FILECOPY C:/Tcl86/demos/Tk8.6/images/flagup.xbm
FILECOPY C:/Tcl86/demos/Tk8.6/images/gray25.xbm
FILECOPY C:/Tcl86/demos/Tk8.6/images/letters.xbm
FILECOPY C:/Tcl86/demos/Tk8.6/images/noletter.xbm
FILECOPY C:/Tcl86/demos/Tk8.6/images/ouster.png
FILECOPY C:/Tcl86/demos/Tk8.6/images/pattern.xbm
FILECOPY C:/Tcl86/demos/Tk8.6/images/tcllogo.gif
FILECOPY C:/Tcl86/demos/Tk8.6/images/teapot.ppm
REGKEY {HKEY_CURRENT_USER\SOFTWARE\ActiveState\ActiveTcl} CurrentVersion 8.6.0.0
REGKEY {HKEY_CURRENT_USER\SOFTWARE\ActiveState\ActiveTcl\8.6.0.0} {} {C:\Tcl86}
REGKEY {HKEY_CURRENT_USER\SOFTWARE\ActiveState\ActiveTcl\8.6.0.0\Help} {} {C:\Tcl86\doc\ActiveTclHelp8.6.chm}
MKDIR {C:/Users/Tanuki/AppData/Roaming/Microsoft/Windows/Start Menu/Programs/ActiveState ActiveTcl 8.6.0.0}
FILECOPY {C:/Users/Tanuki/AppData/Roaming/Microsoft/Windows/Start Menu/Programs/ActiveState ActiveTcl 8.6.0.0/ActiveTcl Help.lnk}
FILECOPY {C:/Users/Tanuki/AppData/Roaming/Microsoft/Windows/Start Menu/Programs/ActiveState ActiveTcl 8.6.0.0/Uninstall ActiveTcl 8.6.0.0.lnk}
FILECOPY {C:/Users/Tanuki/AppData/Roaming/Microsoft/Windows/Start Menu/Programs/ActiveState ActiveTcl 8.6.0.0/License.lnk}
FILECOPY {C:/Users/Tanuki/AppData/Roaming/Microsoft/Windows/Start Menu/Programs/ActiveState ActiveTcl 8.6.0.0/Wish86.lnk}
FILECOPY {C:/Users/Tanuki/AppData/Roaming/Microsoft/Windows/Start Menu/Programs/ActiveState ActiveTcl 8.6.0.0/Tclsh86.lnk}
FILECOPY {C:/Users/Tanuki/AppData/Roaming/Microsoft/Windows/Start Menu/Programs/ActiveState ActiveTcl 8.6.0.0/tkcon.lnk}
FILECOPY {C:/Users/Tanuki/AppData/Roaming/Microsoft/Windows/Start Menu/Programs/ActiveState ActiveTcl 8.6.0.0/VFS Explorer.lnk}
FILECOPY {C:/Users/Tanuki/AppData/Roaming/Microsoft/Windows/Start Menu/Programs/ActiveState ActiveTcl 8.6.0.0/Readme.lnk}
MKDIR {C:/Users/Tanuki/AppData/Roaming/Microsoft/Windows/Start Menu/Programs/ActiveState ActiveTcl 8.6.0.0/Demos}
FILECOPY {C:/Users/Tanuki/AppData/Roaming/Microsoft/Windows/Start Menu/Programs/ActiveState ActiveTcl 8.6.0.0/Demos/Tk.lnk}
FILECOPY C:/Tcl86/lib/tcl8.6/teapot-link.txt
